#
# There is insufficient memory for the Java Runtime Environment to continue.
# Native memory allocation (mmap) failed to map 189792256 bytes for G1 virtual space
# Possible reasons:
#   The system is out of physical RAM or swap space
#   The process is running with CompressedOops enabled, and the Java Heap may be blocking the growth of the native heap
# Possible solutions:
#   Reduce memory load on the system
#   Increase physical memory or swap space
#   Check if swap backing store is full
#   Decrease Java heap size (-Xmx/-Xms)
#   Decrease number of Java threads
#   Decrease Java thread stack sizes (-Xss)
#   Set larger code cache with -XX:ReservedCodeCacheSize=
#   JVM is running with Unscaled Compressed Oops mode in which the Java heap is
#     placed in the first 4GB address space. The Java Heap base address is the
#     maximum limit for the native heap growth. Please use -XX:HeapBaseMinAddress
#     to set the Java Heap base and to place the Java Heap above 4GB virtual address.
# This output file may be truncated or incomplete.
#
#  Out of Memory Error (os_windows.cpp:3535), pid=20440, tid=22420
#
# JRE version: OpenJDK Runtime Environment Temurin-17.0.3+7 (17.0.3+7) (build 17.0.3+7)
# Java VM: OpenJDK 64-Bit Server VM Temurin-17.0.3+7 (17.0.3+7, mixed mode, emulated-client, tiered, compressed oops, compressed class ptrs, g1 gc, windows-amd64)
# No core dump will be written. Minidumps are not enabled by default on client versions of Windows
#

---------------  S U M M A R Y ------------

Command Line: -Dsts.lsp.client=vscode -Dsts.log.file=/dev/null -XX:TieredStopAtLevel=1 -Dspring.config.location=file:c:\Users\ASUS\.vscode\extensions\pivotal.vscode-spring-boot-1.38.0\language-server\BOOT-INF\classes\application.properties org.springframework.ide.vscode.boot.app.BootLanguageServerBootApp

Host: Intel(R) Core(TM) i7-9750H CPU @ 2.60GHz, 12 cores, 7G,  Windows 10 , 64 bit Build 19041 (10.0.19041.1889)
Time: Wed Aug 24 16:55:32 2022 SE Asia Standard Time elapsed time: 105.919253 seconds (0d 0h 1m 45s)

---------------  T H R E A D  ---------------

Current thread (0x000001d1105a21b0):  VMThread "VM Thread" [stack: 0x0000000338d00000,0x0000000338e00000] [id=22420]

Stack: [0x0000000338d00000,0x0000000338e00000]
Native frames: (J=compiled Java code, j=interpreted, Vv=VM code, C=native code)
V  [jvm.dll+0x675efa]
V  [jvm.dll+0x830a24]
V  [jvm.dll+0x8321ce]
V  [jvm.dll+0x832833]
V  [jvm.dll+0x2454b5]
V  [jvm.dll+0x672de9]
V  [jvm.dll+0x667732]
V  [jvm.dll+0x3043ab]
V  [jvm.dll+0x30b8f6]
V  [jvm.dll+0x35b62e]
V  [jvm.dll+0x35b85f]
V  [jvm.dll+0x2db248]
V  [jvm.dll+0x2d94fc]
V  [jvm.dll+0x2d8acc]
V  [jvm.dll+0x31ca2b]
V  [jvm.dll+0x836cdb]
V  [jvm.dll+0x837a14]
V  [jvm.dll+0x837f2c]
V  [jvm.dll+0x838304]
V  [jvm.dll+0x8383d0]
V  [jvm.dll+0x7e0cfa]
V  [jvm.dll+0x674d85]
C  [ucrtbase.dll+0x21bb2]
C  [KERNEL32.DLL+0x17034]
C  [ntdll.dll+0x52651]

VM_Operation (0x000000033b7fde00): G1CollectForAllocation, mode: safepoint, requested by thread 0x000001d1130de6d0


---------------  P R O C E S S  ---------------

Threads class SMR info:
_java_thread_list=0x000001d114ece0c0, length=43, elements={
0x000001d1110012d0, 0x000001d111002140, 0x000001d1105cd630, 0x000001d1105ce140,
0x000001d1105ceaf0, 0x000001d111020400, 0x000001d111020e60, 0x000001d111021850,
0x000001d111238600, 0x000001d1112295a0, 0x000001d1117515a0, 0x000001d1111f12b0,
0x000001d112d0dff0, 0x000001d112f0f7b0, 0x000001d112f0db30, 0x000001d112f0e000,
0x000001d112a3e2e0, 0x000001d112a3efc0, 0x000001d112a3f8a0, 0x000001d112a3fd70,
0x000001d1130df070, 0x000001d1130e0880, 0x000001d1130dfee0, 0x000001d1130dfa10,
0x000001d1130e03b0, 0x000001d1130df540, 0x000001d1130dcec0, 0x000001d1130de200,
0x000001d1130dd390, 0x000001d1130dd860, 0x000001d1130de6d0, 0x000001d1130deba0,
0x000001d1130ddd30, 0x000001d11372ad10, 0x000001d11372dd30, 0x000001d11372b1e0,
0x000001d11372cec0, 0x000001d11372e200, 0x000001d11372c9f0, 0x000001d11372fa10,
0x000001d11372e6d0, 0x000001d11372d390, 0x000001d114ef4df0
}

Java Threads: ( => current thread )
  0x000001d1110012d0 JavaThread "Reference Handler" daemon [_thread_blocked, id=19416, stack(0x0000000338e00000,0x0000000338f00000)]
  0x000001d111002140 JavaThread "Finalizer" daemon [_thread_blocked, id=12060, stack(0x0000000338f00000,0x0000000339000000)]
  0x000001d1105cd630 JavaThread "Signal Dispatcher" daemon [_thread_blocked, id=10676, stack(0x0000000339000000,0x0000000339100000)]
  0x000001d1105ce140 JavaThread "Attach Listener" daemon [_thread_blocked, id=14852, stack(0x0000000339100000,0x0000000339200000)]
  0x000001d1105ceaf0 JavaThread "Service Thread" daemon [_thread_blocked, id=21260, stack(0x0000000339200000,0x0000000339300000)]
  0x000001d111020400 JavaThread "Monitor Deflation Thread" daemon [_thread_blocked, id=21568, stack(0x0000000339300000,0x0000000339400000)]
  0x000001d111020e60 JavaThread "C1 CompilerThread0" daemon [_thread_blocked, id=12716, stack(0x0000000339400000,0x0000000339500000)]
  0x000001d111021850 JavaThread "Sweeper thread" daemon [_thread_blocked, id=15660, stack(0x0000000339500000,0x0000000339600000)]
  0x000001d111238600 JavaThread "Notification Thread" daemon [_thread_blocked, id=1180, stack(0x0000000339800000,0x0000000339900000)]
  0x000001d1112295a0 JavaThread "Common-Cleaner" daemon [_thread_blocked, id=17688, stack(0x0000000339600000,0x0000000339700000)]
  0x000001d1117515a0 JavaThread "C1 CompilerThread1" daemon [_thread_blocked, id=12536, stack(0x0000000338400000,0x0000000338500000)]
  0x000001d1111f12b0 JavaThread "C1 CompilerThread2" daemon [_thread_blocked, id=8384, stack(0x0000000339700000,0x0000000339800000)]
  0x000001d112d0dff0 JavaThread "ForkJoinPool.commonPool-worker-1" daemon [_thread_blocked, id=8776, stack(0x000000033a000000,0x000000033a100000)]
  0x000001d112f0f7b0 JavaThread "ClassGraph-worker-0" daemon [_thread_blocked, id=22700, stack(0x000000033a600000,0x000000033a700000)]
  0x000001d112f0db30 JavaThread "ClassGraph-worker-1" daemon [_thread_blocked, id=12068, stack(0x000000033a700000,0x000000033a800000)]
  0x000001d112f0e000 JavaThread "ClassGraph-worker-2" daemon [_thread_blocked, id=15928, stack(0x000000033a800000,0x000000033a900000)]
  0x000001d112a3e2e0 JavaThread "ClassGraph-worker-3" daemon [_thread_blocked, id=10916, stack(0x000000033a900000,0x000000033aa00000)]
  0x000001d112a3efc0 JavaThread "ClassGraph-worker-4" daemon [_thread_blocked, id=8420, stack(0x000000033aa00000,0x000000033ab00000)]
  0x000001d112a3f8a0 JavaThread "ClassGraph-worker-5" daemon [_thread_blocked, id=3536, stack(0x000000033ab00000,0x000000033ac00000)]
  0x000001d112a3fd70 JavaThread "ClassGraph-worker-6" daemon [_thread_blocked, id=21412, stack(0x000000033ac00000,0x000000033ad00000)]
  0x000001d1130df070 JavaThread "ClassGraph-worker-7" daemon [_thread_blocked, id=1932, stack(0x000000033ad00000,0x000000033ae00000)]
  0x000001d1130e0880 JavaThread "ClassGraph-worker-8" daemon [_thread_blocked, id=20600, stack(0x000000033ae00000,0x000000033af00000)]
  0x000001d1130dfee0 JavaThread "ClassGraph-worker-9" daemon [_thread_blocked, id=15944, stack(0x000000033af00000,0x000000033b000000)]
  0x000001d1130dfa10 JavaThread "ClassGraph-worker-10" daemon [_thread_blocked, id=21864, stack(0x000000033b000000,0x000000033b100000)]
  0x000001d1130e03b0 JavaThread "ClassGraph-worker-11" daemon [_thread_blocked, id=16328, stack(0x000000033b100000,0x000000033b200000)]
  0x000001d1130df540 JavaThread "ClassGraph-worker-12" daemon [_thread_blocked, id=23352, stack(0x000000033b200000,0x000000033b300000)]
  0x000001d1130dcec0 JavaThread "ClassGraph-worker-13" daemon [_thread_blocked, id=8904, stack(0x000000033b300000,0x000000033b400000)]
  0x000001d1130de200 JavaThread "ClassGraph-worker-14" daemon [_thread_blocked, id=13316, stack(0x000000033b400000,0x000000033b500000)]
  0x000001d1130dd390 JavaThread "ClassGraph-worker-15" daemon [_thread_blocked, id=2792, stack(0x000000033b500000,0x000000033b600000)]
  0x000001d1130dd860 JavaThread "ClassGraph-worker-16" daemon [_thread_blocked, id=14708, stack(0x000000033b600000,0x000000033b700000)]
  0x000001d1130de6d0 JavaThread "ClassGraph-worker-17" daemon [_thread_blocked, id=17044, stack(0x000000033b700000,0x000000033b800000)]
  0x000001d1130deba0 JavaThread "ClassGraph-worker-18" daemon [_thread_blocked, id=19324, stack(0x000000033b800000,0x000000033b900000)]
  0x000001d1130ddd30 JavaThread "pool-7-thread-1" [_thread_blocked, id=22464, stack(0x000000033b900000,0x000000033ba00000)]
  0x000001d11372ad10 JavaThread "LanguageServerApp-lifecycle" [_thread_blocked, id=19628, stack(0x000000033ba00000,0x000000033bb00000)]
  0x000001d11372dd30 JavaThread "DestroyJavaVM" [_thread_blocked, id=3308, stack(0x0000000338700000,0x0000000338800000)]
  0x000001d11372b1e0 JavaThread "pool-8-thread-1" [_thread_in_native, id=20676, stack(0x000000033bb00000,0x000000033bc00000)]
  0x000001d11372cec0 JavaThread "Simple-Language-Server main thread" daemon [_thread_blocked, id=18592, stack(0x000000033c000000,0x000000033c100000)]
  0x000001d11372e200 JavaThread "parallel-1" daemon [_thread_blocked, id=11268, stack(0x000000033c100000,0x000000033c200000)]
  0x000001d11372c9f0 JavaThread "parallel-2" daemon [_thread_blocked, id=19532, stack(0x000000033c200000,0x000000033c300000)]
  0x000001d11372fa10 JavaThread "Reconciler-1" daemon [_thread_blocked, id=12772, stack(0x000000033c300000,0x000000033c400000)]
  0x000001d11372e6d0 JavaThread "parallel-3" daemon [_thread_blocked, id=23072, stack(0x000000033c400000,0x000000033c500000)]
  0x000001d11372d390 JavaThread "pool-2-thread-1" [_thread_blocked, id=14076, stack(0x000000033c500000,0x000000033c600000)]
  0x000001d114ef4df0 JavaThread "C1 CompilerThread3" daemon [_thread_blocked, id=2784, stack(0x000000033c600000,0x000000033c700000)]

Other Threads:
=>0x000001d1105a21b0 VMThread "VM Thread" [stack: 0x0000000338d00000,0x0000000338e00000] [id=22420]
  0x000001d102f3f870 WatcherThread [stack: 0x0000000339900000,0x0000000339a00000] [id=22484]
  0x000001d102f263f0 GCTaskThread "GC Thread#0" [stack: 0x0000000338800000,0x0000000338900000] [id=19076]
  0x000001d1111088a0 GCTaskThread "GC Thread#1" [stack: 0x0000000339b00000,0x0000000339c00000] [id=18188]
  0x000001d111aff610 GCTaskThread "GC Thread#2" [stack: 0x0000000339c00000,0x0000000339d00000] [id=21804]
  0x000001d111b99880 GCTaskThread "GC Thread#3" [stack: 0x0000000339d00000,0x0000000339e00000] [id=6800]
  0x000001d1110fac30 GCTaskThread "GC Thread#4" [stack: 0x0000000339e00000,0x0000000339f00000] [id=6392]
  0x000001d111b9cba0 GCTaskThread "GC Thread#5" [stack: 0x0000000339f00000,0x000000033a000000] [id=5900]
  0x000001d1118ec780 GCTaskThread "GC Thread#6" [stack: 0x0000000339a00000,0x0000000339b00000] [id=16004]
  0x000001d111769c60 GCTaskThread "GC Thread#7" [stack: 0x000000033a100000,0x000000033a200000] [id=22648]
  0x000001d1119e7930 GCTaskThread "GC Thread#8" [stack: 0x000000033a200000,0x000000033a300000] [id=6648]
  0x000001d111861ed0 GCTaskThread "GC Thread#9" [stack: 0x000000033a300000,0x000000033a400000] [id=11672]
  0x000001d102f36eb0 ConcurrentGCThread "G1 Main Marker" [stack: 0x0000000338900000,0x0000000338a00000] [id=22836]
  0x000001d102f39070 ConcurrentGCThread "G1 Conc#0" [stack: 0x0000000338a00000,0x0000000338b00000] [id=23124]
  0x000001d111a7ed70 ConcurrentGCThread "G1 Conc#1" [stack: 0x000000033a400000,0x000000033a500000] [id=19784]
  0x000001d1129c9cb0 ConcurrentGCThread "G1 Conc#2" [stack: 0x000000033a500000,0x000000033a600000] [id=20824]
  0x000001d11040a500 ConcurrentGCThread "G1 Refine#0" [stack: 0x0000000338b00000,0x0000000338c00000] [id=12400]
  0x000001d1131872b0 ConcurrentGCThread "G1 Refine#1" [stack: 0x000000033bc00000,0x000000033bd00000] [id=22456]
  0x000001d114d201b0 ConcurrentGCThread "G1 Refine#2" [stack: 0x000000033bd00000,0x000000033be00000] [id=10444]
  0x000001d114d44850 ConcurrentGCThread "G1 Refine#3" [stack: 0x000000033be00000,0x000000033bf00000] [id=9824]
  0x000001d113710560 ConcurrentGCThread "G1 Refine#4" [stack: 0x000000033bf00000,0x000000033c000000] [id=1524]
  0x000001d11040af20 ConcurrentGCThread "G1 Service" [stack: 0x0000000338c00000,0x0000000338d00000] [id=11920]

Threads with active compile tasks:

VM state: at safepoint (normal execution)

VM Mutex/Monitor currently owned by a thread:  ([mutex/lock_event])
[0x000001d100c55710] Threads_lock - owner thread: 0x000001d1105a21b0
[0x000001d102ec7260] Heap_lock - owner thread: 0x000001d1130de6d0

Heap address: 0x0000000082400000, size: 2012 MB, Compressed Oops mode: 32-bit

CDS archive(s) not mapped
Compressed class space mapped at: 0x0000000100000000-0x0000000140000000, reserved size: 1073741824
Narrow klass base: 0x0000000000000000, Narrow klass shift: 3, Narrow klass range: 0x140000000

GC Precious Log:
 CPUs: 12 total, 12 available
 Memory: 8042M
 Large Page Support: Disabled
 NUMA Support: Disabled
 Compressed Oops: Enabled (32-bit)
 Heap Region Size: 1M
 Heap Min Capacity: 8M
 Heap Initial Capacity: 126M
 Heap Max Capacity: 2012M
 Pre-touch: Disabled
 Parallel Workers: 10
 Concurrent Workers: 3
 Concurrent Refinement Workers: 10
 Periodic GC: Disabled

Heap:
 garbage-first heap   total 180224K, used 73154K [0x0000000082400000, 0x0000000100000000)
  region size 1024K, 6 young (6144K), 6 survivors (6144K)
 Metaspace       used 35102K, committed 35392K, reserved 1081344K
  class space    used 4556K, committed 4672K, reserved 1048576K

Heap Regions: E=young(eden), S=young(survivor), O=old, HS=humongous(starts), HC=humongous(continues), CS=collection set, F=free, OA=open archive, CA=closed archive, TAMS=top-at-mark-start (previous, next)
|   0|0x0000000082400000, 0x0000000082500000, 0x0000000082500000|100%| O|  |TAMS 0x0000000082500000, 0x0000000082500000| Untracked 
|   1|0x0000000082500000, 0x0000000082600000, 0x0000000082600000|100%| O|  |TAMS 0x0000000082600000, 0x0000000082600000| Untracked 
|   2|0x0000000082600000, 0x0000000082700000, 0x0000000082700000|100%| O|  |TAMS 0x0000000082700000, 0x0000000082700000| Untracked 
|   3|0x0000000082700000, 0x0000000082800000, 0x0000000082800000|100%| O|  |TAMS 0x0000000082800000, 0x0000000082800000| Untracked 
|   4|0x0000000082800000, 0x0000000082900000, 0x0000000082900000|100%| O|  |TAMS 0x0000000082900000, 0x0000000082900000| Untracked 
|   5|0x0000000082900000, 0x0000000082a00000, 0x0000000082a00000|100%| O|  |TAMS 0x0000000082a00000, 0x0000000082a00000| Untracked 
|   6|0x0000000082a00000, 0x0000000082b00000, 0x0000000082b00000|100%| O|  |TAMS 0x0000000082b00000, 0x0000000082b00000| Untracked 
|   7|0x0000000082b00000, 0x0000000082c00000, 0x0000000082c00000|100%| O|  |TAMS 0x0000000082c00000, 0x0000000082c00000| Untracked 
|   8|0x0000000082c00000, 0x0000000082c2f800, 0x0000000082d00000| 18%| O|  |TAMS 0x0000000082c2f800, 0x0000000082c2f800| Untracked 
|   9|0x0000000082d00000, 0x0000000082e00000, 0x0000000082e00000|100%| O|  |TAMS 0x0000000082d00000, 0x0000000082e00000| Untracked 
|  10|0x0000000082e00000, 0x0000000082f00000, 0x0000000082f00000|100%| O|  |TAMS 0x0000000082e00000, 0x0000000082f00000| Untracked 
|  11|0x0000000082f00000, 0x0000000083000000, 0x0000000083000000|100%| O|  |TAMS 0x0000000082f00000, 0x0000000083000000| Untracked 
|  12|0x0000000083000000, 0x0000000083100000, 0x0000000083100000|100%| O|  |TAMS 0x0000000083000000, 0x0000000083100000| Untracked 
|  13|0x0000000083100000, 0x0000000083200000, 0x0000000083200000|100%| O|  |TAMS 0x0000000083100000, 0x0000000083200000| Untracked 
|  14|0x0000000083200000, 0x0000000083300000, 0x0000000083300000|100%| O|  |TAMS 0x0000000083200000, 0x0000000083300000| Untracked 
|  15|0x0000000083300000, 0x0000000083400000, 0x0000000083400000|100%| O|  |TAMS 0x0000000083300000, 0x0000000083400000| Untracked 
|  16|0x0000000083400000, 0x0000000083500000, 0x0000000083500000|100%| O|  |TAMS 0x0000000083400000, 0x0000000083500000| Untracked 
|  17|0x0000000083500000, 0x0000000083600000, 0x0000000083600000|100%| O|  |TAMS 0x0000000083500000, 0x0000000083600000| Untracked 
|  18|0x0000000083600000, 0x0000000083700000, 0x0000000083700000|100%| O|  |TAMS 0x0000000083600000, 0x0000000083700000| Untracked 
|  19|0x0000000083700000, 0x0000000083800000, 0x0000000083800000|100%| O|  |TAMS 0x0000000083700000, 0x0000000083800000| Untracked 
|  20|0x0000000083800000, 0x0000000083900000, 0x0000000083900000|100%| O|  |TAMS 0x0000000083800000, 0x0000000083900000| Untracked 
|  21|0x0000000083900000, 0x0000000083a00000, 0x0000000083a00000|100%| O|  |TAMS 0x0000000083900000, 0x0000000083a00000| Untracked 
|  22|0x0000000083a00000, 0x0000000083b00000, 0x0000000083b00000|100%| O|  |TAMS 0x0000000083a00000, 0x0000000083b00000| Untracked 
|  23|0x0000000083b00000, 0x0000000083c00000, 0x0000000083c00000|100%| O|  |TAMS 0x0000000083b00000, 0x0000000083c00000| Untracked 
|  24|0x0000000083c00000, 0x0000000083d00000, 0x0000000083d00000|100%| O|  |TAMS 0x0000000083c00000, 0x0000000083d00000| Untracked 
|  25|0x0000000083d00000, 0x0000000083e00000, 0x0000000083e00000|100%| O|  |TAMS 0x0000000083d00000, 0x0000000083e00000| Untracked 
|  26|0x0000000083e00000, 0x0000000083f00000, 0x0000000083f00000|100%| O|  |TAMS 0x0000000083e00000, 0x0000000083f00000| Untracked 
|  27|0x0000000083f00000, 0x0000000084000000, 0x0000000084000000|100%| O|  |TAMS 0x0000000083f00000, 0x0000000084000000| Untracked 
|  28|0x0000000084000000, 0x0000000084100000, 0x0000000084100000|100%| O|  |TAMS 0x0000000084000000, 0x0000000084100000| Untracked 
|  29|0x0000000084100000, 0x0000000084200000, 0x0000000084200000|100%| O|  |TAMS 0x0000000084100000, 0x0000000084200000| Untracked 
|  30|0x0000000084200000, 0x0000000084300000, 0x0000000084300000|100%| O|  |TAMS 0x0000000084200000, 0x0000000084300000| Untracked 
|  31|0x0000000084300000, 0x0000000084400000, 0x0000000084400000|100%| O|  |TAMS 0x0000000084300000, 0x0000000084400000| Untracked 
|  32|0x0000000084400000, 0x0000000084500000, 0x0000000084500000|100%| O|  |TAMS 0x0000000084400000, 0x0000000084500000| Untracked 
|  33|0x0000000084500000, 0x0000000084600000, 0x0000000084600000|100%| O|  |TAMS 0x0000000084500000, 0x0000000084600000| Untracked 
|  34|0x0000000084600000, 0x0000000084700000, 0x0000000084700000|100%| O|  |TAMS 0x0000000084600000, 0x0000000084700000| Untracked 
|  35|0x0000000084700000, 0x0000000084800000, 0x0000000084800000|100%| O|  |TAMS 0x0000000084700000, 0x0000000084800000| Untracked 
|  36|0x0000000084800000, 0x0000000084900000, 0x0000000084900000|100%| O|  |TAMS 0x0000000084800000, 0x0000000084900000| Untracked 
|  37|0x0000000084900000, 0x0000000084a00000, 0x0000000084a00000|100%| O|  |TAMS 0x0000000084900000, 0x0000000084a00000| Untracked 
|  38|0x0000000084a00000, 0x0000000084b00000, 0x0000000084b00000|100%| O|  |TAMS 0x0000000084a00000, 0x0000000084b00000| Untracked 
|  39|0x0000000084b00000, 0x0000000084c00000, 0x0000000084c00000|100%| O|  |TAMS 0x0000000084b00000, 0x0000000084c00000| Untracked 
|  40|0x0000000084c00000, 0x0000000084d00000, 0x0000000084d00000|100%| O|  |TAMS 0x0000000084c00000, 0x0000000084d00000| Untracked 
|  41|0x0000000084d00000, 0x0000000084e00000, 0x0000000084e00000|100%| O|  |TAMS 0x0000000084d00000, 0x0000000084d88400| Untracked 
|  42|0x0000000084e00000, 0x0000000084f00000, 0x0000000084f00000|100%| O|  |TAMS 0x0000000084e00000, 0x0000000084e00000| Untracked 
|  43|0x0000000084f00000, 0x0000000085000000, 0x0000000085000000|100%| O|  |TAMS 0x0000000084f00000, 0x0000000084f00000| Untracked 
|  44|0x0000000085000000, 0x0000000085100000, 0x0000000085100000|100%| O|  |TAMS 0x0000000085000000, 0x0000000085000000| Untracked 
|  45|0x0000000085100000, 0x0000000085200000, 0x0000000085200000|100%| O|  |TAMS 0x0000000085100000, 0x0000000085100000| Untracked 
|  46|0x0000000085200000, 0x0000000085300000, 0x0000000085300000|100%|HS|  |TAMS 0x0000000085200000, 0x0000000085200000| Complete 
|  47|0x0000000085300000, 0x0000000085400000, 0x0000000085400000|100%|HS|  |TAMS 0x0000000085300000, 0x0000000085300000| Complete 
|  48|0x0000000085400000, 0x0000000085500000, 0x0000000085500000|100%| O|  |TAMS 0x0000000085400000, 0x0000000085400000| Untracked 
|  49|0x0000000085500000, 0x0000000085600000, 0x0000000085600000|100%| O|  |TAMS 0x0000000085500000, 0x0000000085500000| Untracked 
|  50|0x0000000085600000, 0x0000000085700000, 0x0000000085700000|100%| O|  |TAMS 0x0000000085600000, 0x0000000085600000| Untracked 
|  51|0x0000000085700000, 0x0000000085800000, 0x0000000085800000|100%| O|  |TAMS 0x0000000085700000, 0x0000000085700000| Untracked 
|  52|0x0000000085800000, 0x0000000085900000, 0x0000000085900000|100%| O|  |TAMS 0x0000000085800000, 0x0000000085800000| Untracked 
|  53|0x0000000085900000, 0x0000000085a00000, 0x0000000085a00000|100%| O|  |TAMS 0x0000000085900000, 0x0000000085900000| Untracked 
|  54|0x0000000085a00000, 0x0000000085b00000, 0x0000000085b00000|100%| O|  |TAMS 0x0000000085a00000, 0x0000000085a00000| Untracked 
|  55|0x0000000085b00000, 0x0000000085c00000, 0x0000000085c00000|100%| O|  |TAMS 0x0000000085b00000, 0x0000000085b00000| Untracked 
|  56|0x0000000085c00000, 0x0000000085d00000, 0x0000000085d00000|100%| O|  |TAMS 0x0000000085c00000, 0x0000000085c00000| Untracked 
|  57|0x0000000085d00000, 0x0000000085e00000, 0x0000000085e00000|100%| O|  |TAMS 0x0000000085d00000, 0x0000000085d00000| Untracked 
|  58|0x0000000085e00000, 0x0000000085f00000, 0x0000000085f00000|100%| O|  |TAMS 0x0000000085e00000, 0x0000000085e00000| Untracked 
|  59|0x0000000085f00000, 0x0000000086000000, 0x0000000086000000|100%| O|  |TAMS 0x0000000085f00000, 0x0000000085f00000| Untracked 
|  60|0x0000000086000000, 0x0000000086100000, 0x0000000086100000|100%| O|  |TAMS 0x0000000086000000, 0x0000000086000000| Untracked 
|  61|0x0000000086100000, 0x0000000086200000, 0x0000000086200000|100%| O|  |TAMS 0x0000000086100000, 0x0000000086100000| Untracked 
|  62|0x0000000086200000, 0x0000000086300000, 0x0000000086300000|100%| O|  |TAMS 0x0000000086200000, 0x0000000086200000| Untracked 
|  63|0x0000000086300000, 0x0000000086400000, 0x0000000086400000|100%| O|  |TAMS 0x0000000086300000, 0x0000000086300000| Untracked 
|  64|0x0000000086400000, 0x0000000086500000, 0x0000000086500000|100%| O|  |TAMS 0x0000000086400000, 0x0000000086400000| Untracked 
|  65|0x0000000086500000, 0x0000000086600000, 0x0000000086600000|100%| O|  |TAMS 0x0000000086500000, 0x0000000086500000| Untracked 
|  66|0x0000000086600000, 0x00000000866fc800, 0x0000000086700000| 98%| O|  |TAMS 0x0000000086600000, 0x0000000086600000| Untracked 
|  67|0x0000000086700000, 0x0000000086700000, 0x0000000086800000|  0%| F|  |TAMS 0x0000000086700000, 0x0000000086700000| Untracked 
|  68|0x0000000086800000, 0x0000000086800000, 0x0000000086900000|  0%| F|  |TAMS 0x0000000086800000, 0x0000000086800000| Untracked 
|  69|0x0000000086900000, 0x0000000086900000, 0x0000000086a00000|  0%| F|  |TAMS 0x0000000086900000, 0x0000000086900000| Untracked 
|  70|0x0000000086a00000, 0x0000000086a00000, 0x0000000086b00000|  0%| F|  |TAMS 0x0000000086a00000, 0x0000000086a00000| Untracked 
|  71|0x0000000086b00000, 0x0000000086b00000, 0x0000000086c00000|  0%| F|  |TAMS 0x0000000086b00000, 0x0000000086b00000| Untracked 
|  72|0x0000000086c00000, 0x0000000086c00000, 0x0000000086d00000|  0%| F|  |TAMS 0x0000000086c00000, 0x0000000086c00000| Untracked 
|  73|0x0000000086d00000, 0x0000000086d00000, 0x0000000086e00000|  0%| F|  |TAMS 0x0000000086d00000, 0x0000000086d00000| Untracked 
|  74|0x0000000086e00000, 0x0000000086e00000, 0x0000000086f00000|  0%| F|  |TAMS 0x0000000086e00000, 0x0000000086e00000| Untracked 
|  75|0x0000000086f00000, 0x0000000086f00000, 0x0000000087000000|  0%| F|  |TAMS 0x0000000086f00000, 0x0000000086f00000| Untracked 
|  76|0x0000000087000000, 0x0000000087000000, 0x0000000087100000|  0%| F|  |TAMS 0x0000000087000000, 0x0000000087000000| Untracked 
|  77|0x0000000087100000, 0x0000000087100000, 0x0000000087200000|  0%| F|  |TAMS 0x0000000087100000, 0x0000000087100000| Untracked 
|  78|0x0000000087200000, 0x0000000087200000, 0x0000000087300000|  0%| F|  |TAMS 0x0000000087200000, 0x0000000087200000| Untracked 
|  79|0x0000000087300000, 0x0000000087300000, 0x0000000087400000|  0%| F|  |TAMS 0x0000000087300000, 0x0000000087300000| Untracked 
|  80|0x0000000087400000, 0x0000000087400000, 0x0000000087500000|  0%| F|  |TAMS 0x0000000087400000, 0x0000000087400000| Untracked 
|  81|0x0000000087500000, 0x0000000087500000, 0x0000000087600000|  0%| F|  |TAMS 0x0000000087500000, 0x0000000087500000| Untracked 
|  82|0x0000000087600000, 0x0000000087600000, 0x0000000087700000|  0%| F|  |TAMS 0x0000000087600000, 0x0000000087600000| Untracked 
|  83|0x0000000087700000, 0x0000000087700000, 0x0000000087800000|  0%| F|  |TAMS 0x0000000087700000, 0x0000000087700000| Untracked 
|  84|0x0000000087800000, 0x0000000087800000, 0x0000000087900000|  0%| F|  |TAMS 0x0000000087800000, 0x0000000087800000| Untracked 
|  85|0x0000000087900000, 0x0000000087900000, 0x0000000087a00000|  0%| F|  |TAMS 0x0000000087900000, 0x0000000087900000| Untracked 
|  86|0x0000000087a00000, 0x0000000087a00000, 0x0000000087b00000|  0%| F|  |TAMS 0x0000000087a00000, 0x0000000087a00000| Untracked 
|  87|0x0000000087b00000, 0x0000000087b00000, 0x0000000087c00000|  0%| F|  |TAMS 0x0000000087b00000, 0x0000000087b00000| Untracked 
|  88|0x0000000087c00000, 0x0000000087c00000, 0x0000000087d00000|  0%| F|  |TAMS 0x0000000087c00000, 0x0000000087c00000| Untracked 
|  89|0x0000000087d00000, 0x0000000087d00000, 0x0000000087e00000|  0%| F|  |TAMS 0x0000000087d00000, 0x0000000087d00000| Untracked 
|  90|0x0000000087e00000, 0x0000000087e00000, 0x0000000087f00000|  0%| F|  |TAMS 0x0000000087e00000, 0x0000000087e00000| Untracked 
|  91|0x0000000087f00000, 0x0000000087f00000, 0x0000000088000000|  0%| F|  |TAMS 0x0000000087f00000, 0x0000000087f00000| Untracked 
|  92|0x0000000088000000, 0x0000000088000000, 0x0000000088100000|  0%| F|  |TAMS 0x0000000088000000, 0x0000000088000000| Untracked 
|  93|0x0000000088100000, 0x0000000088100000, 0x0000000088200000|  0%| F|  |TAMS 0x0000000088100000, 0x0000000088100000| Untracked 
|  94|0x0000000088200000, 0x0000000088200000, 0x0000000088300000|  0%| F|  |TAMS 0x0000000088200000, 0x0000000088200000| Untracked 
|  95|0x0000000088300000, 0x0000000088300000, 0x0000000088400000|  0%| F|  |TAMS 0x0000000088300000, 0x0000000088300000| Untracked 
|  96|0x0000000088400000, 0x0000000088400000, 0x0000000088500000|  0%| F|  |TAMS 0x0000000088400000, 0x0000000088400000| Untracked 
|  97|0x0000000088500000, 0x0000000088500000, 0x0000000088600000|  0%| F|  |TAMS 0x0000000088500000, 0x0000000088500000| Untracked 
|  98|0x0000000088600000, 0x0000000088600000, 0x0000000088700000|  0%| F|  |TAMS 0x0000000088600000, 0x0000000088600000| Untracked 
|  99|0x0000000088700000, 0x0000000088700000, 0x0000000088800000|  0%| F|  |TAMS 0x0000000088700000, 0x0000000088700000| Untracked 
| 100|0x0000000088800000, 0x0000000088800000, 0x0000000088900000|  0%| F|  |TAMS 0x0000000088800000, 0x0000000088800000| Untracked 
| 101|0x0000000088900000, 0x0000000088900000, 0x0000000088a00000|  0%| F|  |TAMS 0x0000000088900000, 0x0000000088900000| Untracked 
| 102|0x0000000088a00000, 0x0000000088a448b0, 0x0000000088b00000| 26%| S|CS|TAMS 0x0000000088a00000, 0x0000000088a00000| Complete 
| 103|0x0000000088b00000, 0x0000000088c00000, 0x0000000088c00000|100%| S|CS|TAMS 0x0000000088b00000, 0x0000000088b00000| Complete 
| 104|0x0000000088c00000, 0x0000000088d00000, 0x0000000088d00000|100%| S|CS|TAMS 0x0000000088c00000, 0x0000000088c00000| Complete 
| 105|0x0000000088d00000, 0x0000000088e00000, 0x0000000088e00000|100%| S|CS|TAMS 0x0000000088d00000, 0x0000000088d00000| Complete 
| 106|0x0000000088e00000, 0x0000000088e00000, 0x0000000088f00000|  0%| F|  |TAMS 0x0000000088e00000, 0x0000000088e00000| Untracked 
| 107|0x0000000088f00000, 0x0000000088f00000, 0x0000000089000000|  0%| F|  |TAMS 0x0000000088f00000, 0x0000000088f00000| Untracked 
| 108|0x0000000089000000, 0x0000000089000000, 0x0000000089100000|  0%| F|  |TAMS 0x0000000089000000, 0x0000000089000000| Untracked 
| 109|0x0000000089100000, 0x0000000089100000, 0x0000000089200000|  0%| F|  |TAMS 0x0000000089100000, 0x0000000089100000| Untracked 
| 110|0x0000000089200000, 0x0000000089200000, 0x0000000089300000|  0%| F|  |TAMS 0x0000000089200000, 0x0000000089200000| Untracked 
| 111|0x0000000089300000, 0x0000000089400000, 0x0000000089400000|100%| S|CS|TAMS 0x0000000089300000, 0x0000000089300000| Complete 
| 112|0x0000000089400000, 0x0000000089500000, 0x0000000089500000|100%| S|CS|TAMS 0x0000000089400000, 0x0000000089400000| Complete 
| 113|0x0000000089500000, 0x0000000089500000, 0x0000000089600000|  0%| F|  |TAMS 0x0000000089500000, 0x0000000089500000| Untracked 
| 114|0x0000000089600000, 0x0000000089600000, 0x0000000089700000|  0%| F|  |TAMS 0x0000000089600000, 0x0000000089600000| Untracked 
| 115|0x0000000089700000, 0x0000000089700000, 0x0000000089800000|  0%| F|  |TAMS 0x0000000089700000, 0x0000000089700000| Untracked 
| 116|0x0000000089800000, 0x0000000089800000, 0x0000000089900000|  0%| F|  |TAMS 0x0000000089800000, 0x0000000089800000| Untracked 
| 117|0x0000000089900000, 0x0000000089900000, 0x0000000089a00000|  0%| F|  |TAMS 0x0000000089900000, 0x0000000089900000| Untracked 
| 118|0x0000000089a00000, 0x0000000089a00000, 0x0000000089b00000|  0%| F|  |TAMS 0x0000000089a00000, 0x0000000089a00000| Untracked 
| 119|0x0000000089b00000, 0x0000000089b00000, 0x0000000089c00000|  0%| F|  |TAMS 0x0000000089b00000, 0x0000000089b00000| Untracked 
| 120|0x0000000089c00000, 0x0000000089c00000, 0x0000000089d00000|  0%| F|  |TAMS 0x0000000089c00000, 0x0000000089c00000| Untracked 
| 121|0x0000000089d00000, 0x0000000089d00000, 0x0000000089e00000|  0%| F|  |TAMS 0x0000000089d00000, 0x0000000089d00000| Untracked 
| 122|0x0000000089e00000, 0x0000000089e00000, 0x0000000089f00000|  0%| F|  |TAMS 0x0000000089e00000, 0x0000000089e00000| Untracked 
| 123|0x0000000089f00000, 0x0000000089f00000, 0x000000008a000000|  0%| F|  |TAMS 0x0000000089f00000, 0x0000000089f00000| Untracked 
| 124|0x000000008a000000, 0x000000008a000000, 0x000000008a100000|  0%| F|  |TAMS 0x000000008a000000, 0x000000008a000000| Untracked 
| 125|0x000000008a100000, 0x000000008a100000, 0x000000008a200000|  0%| F|  |TAMS 0x000000008a100000, 0x000000008a100000| Untracked 
| 126|0x000000008a200000, 0x000000008a200000, 0x000000008a300000|  0%| F|  |TAMS 0x000000008a200000, 0x000000008a200000| Untracked 
| 127|0x000000008a300000, 0x000000008a300000, 0x000000008a400000|  0%| F|  |TAMS 0x000000008a300000, 0x000000008a300000| Untracked 
| 128|0x000000008a400000, 0x000000008a400000, 0x000000008a500000|  0%| F|  |TAMS 0x000000008a400000, 0x000000008a400000| Untracked 
| 129|0x000000008a500000, 0x000000008a500000, 0x000000008a600000|  0%| F|  |TAMS 0x000000008a500000, 0x000000008a500000| Untracked 
| 130|0x000000008a600000, 0x000000008a600000, 0x000000008a700000|  0%| F|  |TAMS 0x000000008a600000, 0x000000008a600000| Untracked 
| 131|0x000000008a700000, 0x000000008a700000, 0x000000008a800000|  0%| F|  |TAMS 0x000000008a700000, 0x000000008a700000| Untracked 
| 132|0x000000008a800000, 0x000000008a800000, 0x000000008a900000|  0%| F|  |TAMS 0x000000008a800000, 0x000000008a800000| Untracked 
| 133|0x000000008a900000, 0x000000008a900000, 0x000000008aa00000|  0%| F|  |TAMS 0x000000008a900000, 0x000000008a900000| Untracked 
| 134|0x000000008aa00000, 0x000000008aa00000, 0x000000008ab00000|  0%| F|  |TAMS 0x000000008aa00000, 0x000000008aa00000| Untracked 
| 135|0x000000008ab00000, 0x000000008ab00000, 0x000000008ac00000|  0%| F|  |TAMS 0x000000008ab00000, 0x000000008ab00000| Untracked 
| 136|0x000000008ac00000, 0x000000008ac00000, 0x000000008ad00000|  0%| F|  |TAMS 0x000000008ac00000, 0x000000008ac00000| Untracked 
| 137|0x000000008ad00000, 0x000000008ad00000, 0x000000008ae00000|  0%| F|  |TAMS 0x000000008ad00000, 0x000000008ad00000| Untracked 
| 138|0x000000008ae00000, 0x000000008ae00000, 0x000000008af00000|  0%| F|  |TAMS 0x000000008ae00000, 0x000000008ae00000| Untracked 
| 139|0x000000008af00000, 0x000000008af00000, 0x000000008b000000|  0%| F|  |TAMS 0x000000008af00000, 0x000000008af00000| Untracked 
| 140|0x000000008b000000, 0x000000008b000000, 0x000000008b100000|  0%| F|  |TAMS 0x000000008b000000, 0x000000008b000000| Untracked 
| 141|0x000000008b100000, 0x000000008b100000, 0x000000008b200000|  0%| F|  |TAMS 0x000000008b100000, 0x000000008b100000| Untracked 
| 142|0x000000008b200000, 0x000000008b200000, 0x000000008b300000|  0%| F|  |TAMS 0x000000008b200000, 0x000000008b200000| Untracked 
| 143|0x000000008b300000, 0x000000008b300000, 0x000000008b400000|  0%| F|  |TAMS 0x000000008b300000, 0x000000008b300000| Untracked 
| 144|0x000000008b400000, 0x000000008b400000, 0x000000008b500000|  0%| F|  |TAMS 0x000000008b400000, 0x000000008b400000| Untracked 
| 145|0x000000008b500000, 0x000000008b500000, 0x000000008b600000|  0%| F|  |TAMS 0x000000008b500000, 0x000000008b500000| Untracked 
| 146|0x000000008b600000, 0x000000008b600000, 0x000000008b700000|  0%| F|  |TAMS 0x000000008b600000, 0x000000008b600000| Untracked 
| 147|0x000000008b700000, 0x000000008b700000, 0x000000008b800000|  0%| F|  |TAMS 0x000000008b700000, 0x000000008b700000| Untracked 
| 148|0x000000008b800000, 0x000000008b800000, 0x000000008b900000|  0%| F|  |TAMS 0x000000008b800000, 0x000000008b800000| Untracked 
| 149|0x000000008b900000, 0x000000008b900000, 0x000000008ba00000|  0%| F|  |TAMS 0x000000008b900000, 0x000000008b900000| Untracked 
| 150|0x000000008ba00000, 0x000000008ba00000, 0x000000008bb00000|  0%| F|  |TAMS 0x000000008ba00000, 0x000000008ba00000| Untracked 
| 151|0x000000008bb00000, 0x000000008bb00000, 0x000000008bc00000|  0%| F|  |TAMS 0x000000008bb00000, 0x000000008bb00000| Untracked 
| 152|0x000000008bc00000, 0x000000008bc00000, 0x000000008bd00000|  0%| F|  |TAMS 0x000000008bc00000, 0x000000008bc00000| Untracked 
| 153|0x000000008bd00000, 0x000000008bd00000, 0x000000008be00000|  0%| F|  |TAMS 0x000000008bd00000, 0x000000008bd00000| Untracked 
| 154|0x000000008be00000, 0x000000008be00000, 0x000000008bf00000|  0%| F|  |TAMS 0x000000008be00000, 0x000000008be00000| Untracked 
| 155|0x000000008bf00000, 0x000000008bf00000, 0x000000008c000000|  0%| F|  |TAMS 0x000000008bf00000, 0x000000008bf00000| Untracked 
| 156|0x000000008c000000, 0x000000008c000000, 0x000000008c100000|  0%| F|  |TAMS 0x000000008c000000, 0x000000008c000000| Untracked 
| 157|0x000000008c100000, 0x000000008c100000, 0x000000008c200000|  0%| F|  |TAMS 0x000000008c100000, 0x000000008c100000| Untracked 
| 158|0x000000008c200000, 0x000000008c200000, 0x000000008c300000|  0%| F|  |TAMS 0x000000008c200000, 0x000000008c200000| Untracked 
| 159|0x000000008c300000, 0x000000008c300000, 0x000000008c400000|  0%| F|  |TAMS 0x000000008c300000, 0x000000008c300000| Untracked 
| 160|0x000000008c400000, 0x000000008c400000, 0x000000008c500000|  0%| F|  |TAMS 0x000000008c400000, 0x000000008c400000| Untracked 
| 161|0x000000008c500000, 0x000000008c500000, 0x000000008c600000|  0%| F|  |TAMS 0x000000008c500000, 0x000000008c500000| Untracked 
| 162|0x000000008c600000, 0x000000008c600000, 0x000000008c700000|  0%| F|  |TAMS 0x000000008c600000, 0x000000008c600000| Untracked 
| 163|0x000000008c700000, 0x000000008c700000, 0x000000008c800000|  0%| F|  |TAMS 0x000000008c700000, 0x000000008c700000| Untracked 
| 164|0x000000008c800000, 0x000000008c800000, 0x000000008c900000|  0%| F|  |TAMS 0x000000008c800000, 0x000000008c800000| Untracked 
| 165|0x000000008c900000, 0x000000008c900000, 0x000000008ca00000|  0%| F|  |TAMS 0x000000008c900000, 0x000000008c900000| Untracked 
| 166|0x000000008ca00000, 0x000000008ca00000, 0x000000008cb00000|  0%| F|  |TAMS 0x000000008ca00000, 0x000000008ca00000| Untracked 
| 167|0x000000008cb00000, 0x000000008cb00000, 0x000000008cc00000|  0%| F|  |TAMS 0x000000008cb00000, 0x000000008cb00000| Untracked 
| 168|0x000000008cc00000, 0x000000008cc00000, 0x000000008cd00000|  0%| F|  |TAMS 0x000000008cc00000, 0x000000008cc00000| Untracked 
| 169|0x000000008cd00000, 0x000000008cd00000, 0x000000008ce00000|  0%| F|  |TAMS 0x000000008cd00000, 0x000000008cd00000| Untracked 
| 170|0x000000008ce00000, 0x000000008ce00000, 0x000000008cf00000|  0%| F|  |TAMS 0x000000008ce00000, 0x000000008ce00000| Untracked 
| 171|0x000000008cf00000, 0x000000008cf00000, 0x000000008d000000|  0%| F|  |TAMS 0x000000008cf00000, 0x000000008cf00000| Untracked 
| 172|0x000000008d000000, 0x000000008d000000, 0x000000008d100000|  0%| F|  |TAMS 0x000000008d000000, 0x000000008d000000| Untracked 
| 173|0x000000008d100000, 0x000000008d100000, 0x000000008d200000|  0%| F|  |TAMS 0x000000008d100000, 0x000000008d100000| Untracked 
| 174|0x000000008d200000, 0x000000008d200000, 0x000000008d300000|  0%| F|  |TAMS 0x000000008d200000, 0x000000008d200000| Untracked 
| 175|0x000000008d300000, 0x000000008d300000, 0x000000008d400000|  0%| F|  |TAMS 0x000000008d300000, 0x000000008d300000| Untracked 

Card table byte_map: [0x000001d109260000,0x000001d109650000] _byte_map_base: 0x000001d108e4e000

Marking Bits (Prev, Next): (CMBitMap*) 0x000001d102f26a40, (CMBitMap*) 0x000001d102f26a00
 Prev Bits: [0x000001d10b9b0000, 0x000001d10d920000)
 Next Bits: [0x000001d109a40000, 0x000001d10b9b0000)

Polling page: 0x000001d100e30000

Metaspace:

Usage:
  Non-class:     29.83 MB used.
      Class:      4.45 MB used.
       Both:     34.28 MB used.

Virtual space:
  Non-class space:       32.00 MB reserved,      30.00 MB ( 94%) committed,  4 nodes.
      Class space:        1.00 GB reserved,       4.56 MB ( <1%) committed,  1 nodes.
             Both:        1.03 GB reserved,      34.56 MB (  3%) committed. 

Chunk freelists:
   Non-Class:  1.61 MB
       Class:  3.39 MB
        Both:  5.00 MB

MaxMetaspaceSize: unlimited
CompressedClassSpaceSize: 1.00 GB
Initial GC threshold: 21.00 MB
Current GC threshold: 35.25 MB
CDS: off
MetaspaceReclaimPolicy: balanced
 - commit_granule_bytes: 65536.
 - commit_granule_words: 8192.
 - virtual_space_node_default_size: 1048576.
 - enlarge_chunks_in_place: 1.
 - new_chunks_are_fully_committed: 0.
 - uncommit_free_chunks: 1.
 - use_allocation_guard: 0.
 - handle_deallocations: 1.


Internal statistics:

num_allocs_failed_limit: 5.
num_arena_births: 302.
num_arena_deaths: 0.
num_vsnodes_births: 5.
num_vsnodes_deaths: 0.
num_space_committed: 553.
num_space_uncommitted: 0.
num_chunks_returned_to_freelist: 5.
num_chunks_taken_from_freelist: 1269.
num_chunk_merges: 5.
num_chunk_splits: 887.
num_chunks_enlarged: 702.
num_purges: 0.
num_inconsistent_stats: 0.

CodeCache: size=49152Kb used=9053Kb max_used=9053Kb free=40098Kb
 bounds [0x000001d105b40000, 0x000001d106420000, 0x000001d108b40000]
 total_blobs=4236 nmethods=3708 adapters=452
 compilation: enabled
              stopped_count=0, restarted_count=0
 full_count=0

Compilation events (20 events):
Event: 105.846 Thread 0x000001d1111f12b0 nmethod 3700 0x000001d10640da90 code [0x000001d10640dc80, 0x000001d10640e0b8]
Event: 105.846 Thread 0x000001d1111f12b0 3669       1       java.util.zip.Inflater$InflaterZStreamRef::clean (10 bytes)
Event: 105.846 Thread 0x000001d1117515a0 nmethod 3684 0x000001d10640e390 code [0x000001d10640e700, 0x000001d10640f528]
Event: 105.847 Thread 0x000001d111020e60 nmethod 3697 0x000001d10640fd10 code [0x000001d10640fea0, 0x000001d106410078]
Event: 105.847 Thread 0x000001d111020e60 3701       1       jdk.internal.jimage.decompressor.ZipDecompressor::decompress (10 bytes)
Event: 105.847 Thread 0x000001d1117515a0 3685       1       jdk.internal.module.SystemModuleFinders$SystemModuleReader::release (10 bytes)
Event: 105.847 Thread 0x000001d1111f12b0 nmethod 3669 0x000001d106410110 code [0x000001d1064102c0, 0x000001d106410428]
Event: 105.847 Thread 0x000001d1111f12b0 3686       1       jdk.internal.jimage.ImageReader::releaseByteBuffer (5 bytes)
Event: 105.847 Thread 0x000001d111020e60 nmethod 3701 0x000001d106410590 code [0x000001d106410720, 0x000001d106410808]
Event: 105.847 Thread 0x000001d111020e60 3687       1       jdk.internal.jimage.BasicImageReader::releaseByteBuffer (16 bytes)
Event: 105.848 Thread 0x000001d1111f12b0 nmethod 3686 0x000001d106410d90 code [0x000001d106410f20, 0x000001d106411068]
Event: 105.848 Thread 0x000001d1117515a0 nmethod 3685 0x000001d106410890 code [0x000001d106410a40, 0x000001d106410c38]
Event: 105.848 Thread 0x000001d111020e60 nmethod 3687 0x000001d106411110 code [0x000001d1064112a0, 0x000001d1064113e8]
Event: 105.853 Thread 0x000001d114ef4df0 nmethod 3676 0x000001d106411810 code [0x000001d106412080, 0x000001d106414da8]
Event: 105.882 Thread 0x000001d114ef4df0 3706       1       java.util.concurrent.ConcurrentHashMap::resizeStamp (9 bytes)
Event: 105.882 Thread 0x000001d1117515a0 3707       1       java.util.concurrent.ConcurrentHashMap::helpTransfer (123 bytes)
Event: 105.882 Thread 0x000001d114ef4df0 nmethod 3706 0x000001d106416a10 code [0x000001d106416ba0, 0x000001d106416c68]
Event: 105.882 Thread 0x000001d1117515a0 nmethod 3707 0x000001d106416d10 code [0x000001d106416ec0, 0x000001d106417138]
Event: 105.904 Thread 0x000001d1117515a0 3708       1       java.util.concurrent.locks.ReentrantLock$NonfairSync::tryAcquire (27 bytes)
Event: 105.905 Thread 0x000001d1117515a0 nmethod 3708 0x000001d106417290 code [0x000001d106417420, 0x000001d106417598]

GC Heap History (20 events):
Event: 104.933 GC heap after
{Heap after GC invocations=8 (full 0):
 garbage-first heap   total 48128K, used 20222K [0x0000000082400000, 0x0000000100000000)
  region size 1024K, 3 young (3072K), 3 survivors (3072K)
 Metaspace       used 31774K, committed 32000K, reserved 1081344K
  class space    used 4004K, committed 4096K, reserved 1048576K
}
Event: 104.970 GC heap before
{Heap before GC invocations=8 (full 0):
 garbage-first heap   total 48128K, used 33534K [0x0000000082400000, 0x0000000100000000)
  region size 1024K, 17 young (17408K), 3 survivors (3072K)
 Metaspace       used 31921K, committed 32128K, reserved 1081344K
  class space    used 4021K, committed 4096K, reserved 1048576K
}
Event: 104.979 GC heap after
{Heap after GC invocations=9 (full 0):
 garbage-first heap   total 48128K, used 23333K [0x0000000082400000, 0x0000000100000000)
  region size 1024K, 3 young (3072K), 3 survivors (3072K)
 Metaspace       used 31921K, committed 32128K, reserved 1081344K
  class space    used 4021K, committed 4096K, reserved 1048576K
}
Event: 105.010 GC heap before
{Heap before GC invocations=9 (full 0):
 garbage-first heap   total 48128K, used 33573K [0x0000000082400000, 0x0000000100000000)
  region size 1024K, 14 young (14336K), 3 survivors (3072K)
 Metaspace       used 32055K, committed 32320K, reserved 1081344K
  class space    used 4039K, committed 4160K, reserved 1048576K
}
Event: 105.015 GC heap after
{Heap after GC invocations=10 (full 0):
 garbage-first heap   total 91136K, used 25566K [0x0000000082400000, 0x0000000100000000)
  region size 1024K, 2 young (2048K), 2 survivors (2048K)
 Metaspace       used 32055K, committed 32320K, reserved 1081344K
  class space    used 4039K, committed 4160K, reserved 1048576K
}
Event: 105.154 GC heap before
{Heap before GC invocations=10 (full 0):
 garbage-first heap   total 91136K, used 63454K [0x0000000082400000, 0x0000000100000000)
  region size 1024K, 39 young (39936K), 2 survivors (2048K)
 Metaspace       used 32986K, committed 33280K, reserved 1081344K
  class space    used 4184K, committed 4352K, reserved 1048576K
}
Event: 105.161 GC heap after
{Heap after GC invocations=11 (full 0):
 garbage-first heap   total 91136K, used 31934K [0x0000000082400000, 0x0000000100000000)
  region size 1024K, 5 young (5120K), 5 survivors (5120K)
 Metaspace       used 32986K, committed 33280K, reserved 1081344K
  class space    used 4184K, committed 4352K, reserved 1048576K
}
Event: 105.233 GC heap before
{Heap before GC invocations=11 (full 0):
 garbage-first heap   total 91136K, used 63678K [0x0000000082400000, 0x0000000100000000)
  region size 1024K, 36 young (36864K), 5 survivors (5120K)
 Metaspace       used 33308K, committed 33600K, reserved 1081344K
  class space    used 4231K, committed 4352K, reserved 1048576K
}
Event: 105.243 GC heap after
{Heap after GC invocations=12 (full 0):
 garbage-first heap   total 91136K, used 40493K [0x0000000082400000, 0x0000000100000000)
  region size 1024K, 5 young (5120K), 5 survivors (5120K)
 Metaspace       used 33308K, committed 33600K, reserved 1081344K
  class space    used 4231K, committed 4352K, reserved 1048576K
}
Event: 105.420 GC heap before
{Heap before GC invocations=12 (full 0):
 garbage-first heap   total 91136K, used 64045K [0x0000000082400000, 0x0000000100000000)
  region size 1024K, 29 young (29696K), 5 survivors (5120K)
 Metaspace       used 33704K, committed 33984K, reserved 1081344K
  class space    used 4291K, committed 4416K, reserved 1048576K
}
Event: 105.427 GC heap after
{Heap after GC invocations=13 (full 0):
 garbage-first heap   total 91136K, used 45791K [0x0000000082400000, 0x0000000100000000)
  region size 1024K, 4 young (4096K), 4 survivors (4096K)
 Metaspace       used 33704K, committed 33984K, reserved 1081344K
  class space    used 4291K, committed 4416K, reserved 1048576K
}
Event: 105.626 GC heap before
{Heap before GC invocations=13 (full 0):
 garbage-first heap   total 91136K, used 56031K [0x0000000082400000, 0x0000000100000000)
  region size 1024K, 16 young (16384K), 4 survivors (4096K)
 Metaspace       used 34510K, committed 34816K, reserved 1081344K
  class space    used 4456K, committed 4608K, reserved 1048576K
}
Event: 105.633 GC heap after
{Heap after GC invocations=14 (full 0):
 garbage-first heap   total 180224K, used 49018K [0x0000000082400000, 0x0000000100000000)
  region size 1024K, 3 young (3072K), 3 survivors (3072K)
 Metaspace       used 34510K, committed 34816K, reserved 1081344K
  class space    used 4456K, committed 4608K, reserved 1048576K
}
Event: 105.818 GC heap before
{Heap before GC invocations=14 (full 0):
 garbage-first heap   total 180224K, used 128890K [0x0000000082400000, 0x0000000100000000)
  region size 1024K, 80 young (81920K), 3 survivors (3072K)
 Metaspace       used 35057K, committed 35328K, reserved 1081344K
  class space    used 4552K, committed 4672K, reserved 1048576K
}
Event: 105.845 GC heap after
{Heap after GC invocations=15 (full 0):
 garbage-first heap   total 180224K, used 64874K [0x0000000082400000, 0x0000000100000000)
  region size 1024K, 10 young (10240K), 10 survivors (10240K)
 Metaspace       used 35057K, committed 35328K, reserved 1081344K
  class space    used 4552K, committed 4672K, reserved 1048576K
}
Event: 105.862 GC heap before
{Heap before GC invocations=15 (full 0):
 garbage-first heap   total 180224K, used 125290K [0x0000000082400000, 0x0000000100000000)
  region size 1024K, 70 young (71680K), 10 survivors (10240K)
 Metaspace       used 35102K, committed 35392K, reserved 1081344K
  class space    used 4556K, committed 4672K, reserved 1048576K
}
Event: 105.868 GC heap after
{Heap after GC invocations=16 (full 0):
 garbage-first heap   total 180224K, used 68685K [0x0000000082400000, 0x0000000100000000)
  region size 1024K, 4 young (4096K), 4 survivors (4096K)
 Metaspace       used 35102K, committed 35392K, reserved 1081344K
  class space    used 4556K, committed 4672K, reserved 1048576K
}
Event: 105.887 GC heap before
{Heap before GC invocations=16 (full 0):
 garbage-first heap   total 180224K, used 130125K [0x0000000082400000, 0x0000000100000000)
  region size 1024K, 65 young (66560K), 4 survivors (4096K)
 Metaspace       used 35102K, committed 35392K, reserved 1081344K
  class space    used 4556K, committed 4672K, reserved 1048576K
}
Event: 105.891 GC heap after
{Heap after GC invocations=17 (full 0):
 garbage-first heap   total 180224K, used 70239K [0x0000000082400000, 0x0000000100000000)
  region size 1024K, 5 young (5120K), 5 survivors (5120K)
 Metaspace       used 35102K, committed 35392K, reserved 1081344K
  class space    used 4556K, committed 4672K, reserved 1048576K
}
Event: 105.911 GC heap before
{Heap before GC invocations=17 (full 0):
 garbage-first heap   total 180224K, used 133727K [0x0000000082400000, 0x0000000100000000)
  region size 1024K, 68 young (69632K), 5 survivors (5120K)
 Metaspace       used 35102K, committed 35392K, reserved 1081344K
  class space    used 4556K, committed 4672K, reserved 1048576K
}

Deoptimization events (18 events):
Event: 87.601 Thread 0x000001d102ecb4a0 DEOPT PACKING pc=0x000001d105f590f5 sp=0x00000003387fd800
Event: 87.601 Thread 0x000001d102ecb4a0 DEOPT UNPACKING pc=0x000001d105b92b43 sp=0x00000003387fcc70 mode 3
Event: 92.591 Thread 0x000001d102ecb4a0 DEOPT PACKING pc=0x000001d105ecd199 sp=0x00000003387fcfb0
Event: 92.591 Thread 0x000001d102ecb4a0 DEOPT UNPACKING pc=0x000001d105b92b43 sp=0x00000003387fc490 mode 3
Event: 93.619 Thread 0x000001d102ecb4a0 DEOPT PACKING pc=0x000001d1060a4375 sp=0x00000003387fcc80
Event: 93.619 Thread 0x000001d102ecb4a0 DEOPT UNPACKING pc=0x000001d105b92b43 sp=0x00000003387fc0f0 mode 3
Event: 93.834 Thread 0x000001d102ecb4a0 DEOPT PACKING pc=0x000001d10617ce1d sp=0x00000003387fb030
Event: 93.834 Thread 0x000001d102ecb4a0 DEOPT UNPACKING pc=0x000001d105b92b43 sp=0x00000003387fa548 mode 3
Event: 104.752 Thread 0x000001d102ecb4a0 DEOPT PACKING pc=0x000001d1061e2e19 sp=0x00000003387fc520
Event: 104.752 Thread 0x000001d102ecb4a0 DEOPT UNPACKING pc=0x000001d105b92b43 sp=0x00000003387fba00 mode 3
Event: 104.771 Thread 0x000001d112d0dff0 DEOPT PACKING pc=0x000001d106109cab sp=0x000000033a0fe600
Event: 104.771 Thread 0x000001d112d0dff0 DEOPT UNPACKING pc=0x000001d105b92b43 sp=0x000000033a0fdb48 mode 3
Event: 105.009 Thread 0x000001d1130de6d0 DEOPT PACKING pc=0x000001d105ed0901 sp=0x000000033b7ff1e0
Event: 105.009 Thread 0x000001d1130de6d0 DEOPT UNPACKING pc=0x000001d105b92b43 sp=0x000000033b7fe670 mode 3
Event: 105.509 Thread 0x000001d11372cec0 DEOPT PACKING pc=0x000001d10632e435 sp=0x000000033c0fd6d0
Event: 105.509 Thread 0x000001d11372cec0 DEOPT UNPACKING pc=0x000001d105b92b43 sp=0x000000033c0fcbf8 mode 3
Event: 105.538 Thread 0x000001d112a3e2e0 DEOPT PACKING pc=0x000001d105ed3c17 sp=0x000000033a9fee70
Event: 105.538 Thread 0x000001d112a3e2e0 DEOPT UNPACKING pc=0x000001d105b92b43 sp=0x000000033a9fe2c8 mode 3

Classes unloaded (0 events):
No events

Classes redefined (0 events):
No events

Internal exceptions (20 events):
Event: 104.877 Thread 0x000001d112f0db30 Exception <a 'sun/nio/fs/WindowsException'{0x000000008911d538}> (0x000000008911d538) 
thrown [e:\jenkins\tmp\workspace\build\src\src\hotspot\share\prims\jni.cpp, line 516]
Event: 104.877 Thread 0x000001d112f0db30 Exception <a 'sun/nio/fs/WindowsException'{0x000000008911d8d8}> (0x000000008911d8d8) 
thrown [e:\jenkins\tmp\workspace\build\src\src\hotspot\share\prims\jni.cpp, line 516]
Event: 104.877 Thread 0x000001d112f0db30 Exception <a 'sun/nio/fs/WindowsException'{0x000000008911e2d0}> (0x000000008911e2d0) 
thrown [e:\jenkins\tmp\workspace\build\src\src\hotspot\share\prims\jni.cpp, line 516]
Event: 104.877 Thread 0x000001d112f0db30 Exception <a 'sun/nio/fs/WindowsException'{0x000000008911e688}> (0x000000008911e688) 
thrown [e:\jenkins\tmp\workspace\build\src\src\hotspot\share\prims\jni.cpp, line 516]
Event: 104.877 Thread 0x000001d112f0db30 Exception <a 'sun/nio/fs/WindowsException'{0x000000008911f070}> (0x000000008911f070) 
thrown [e:\jenkins\tmp\workspace\build\src\src\hotspot\share\prims\jni.cpp, line 516]
Event: 104.877 Thread 0x000001d112f0db30 Exception <a 'sun/nio/fs/WindowsException'{0x000000008911f418}> (0x000000008911f418) 
thrown [e:\jenkins\tmp\workspace\build\src\src\hotspot\share\prims\jni.cpp, line 516]
Event: 104.877 Thread 0x000001d112f0db30 Exception <a 'sun/nio/fs/WindowsException'{0x000000008911fe10}> (0x000000008911fe10) 
thrown [e:\jenkins\tmp\workspace\build\src\src\hotspot\share\prims\jni.cpp, line 516]
Event: 104.877 Thread 0x000001d112f0db30 Exception <a 'sun/nio/fs/WindowsException'{0x00000000891201c8}> (0x00000000891201c8) 
thrown [e:\jenkins\tmp\workspace\build\src\src\hotspot\share\prims\jni.cpp, line 516]
Event: 104.877 Thread 0x000001d112f0db30 Exception <a 'sun/nio/fs/WindowsException'{0x0000000089120bd8}> (0x0000000089120bd8) 
thrown [e:\jenkins\tmp\workspace\build\src\src\hotspot\share\prims\jni.cpp, line 516]
Event: 104.878 Thread 0x000001d112f0db30 Exception <a 'sun/nio/fs/WindowsException'{0x0000000089120fb0}> (0x0000000089120fb0) 
thrown [e:\jenkins\tmp\workspace\build\src\src\hotspot\share\prims\jni.cpp, line 516]
Event: 104.878 Thread 0x000001d112f0db30 Exception <a 'sun/nio/fs/WindowsException'{0x000000008906d480}> (0x000000008906d480) 
thrown [e:\jenkins\tmp\workspace\build\src\src\hotspot\share\prims\jni.cpp, line 516]
Event: 104.878 Thread 0x000001d112f0db30 Exception <a 'sun/nio/fs/WindowsException'{0x000000008906d870}> (0x000000008906d870) 
thrown [e:\jenkins\tmp\workspace\build\src\src\hotspot\share\prims\jni.cpp, line 516]
Event: 104.878 Thread 0x000001d112f0db30 Exception <a 'sun/nio/fs/WindowsException'{0x000000008906e290}> (0x000000008906e290) 
thrown [e:\jenkins\tmp\workspace\build\src\src\hotspot\share\prims\jni.cpp, line 516]
Event: 104.878 Thread 0x000001d112f0db30 Exception <a 'sun/nio/fs/WindowsException'{0x000000008906e678}> (0x000000008906e678) 
thrown [e:\jenkins\tmp\workspace\build\src\src\hotspot\share\prims\jni.cpp, line 516]
Event: 105.053 Thread 0x000001d102ecb4a0 Exception <a 'java/lang/NoSuchMethodError'{0x000000008768a7e8}: 'java.lang.Object java.lang.invoke.DirectMethodHandle$Holder.newInvokeSpecial(java.lang.Object, java.lang.Object, int, java.lang.Object, java.lang.Object)'> (0x000000008768a7e8) 
thrown [e:\jenkins\tmp\workspace\build\src\src\hotspot\share\interpreter\linkResolver.cpp, line 766]
Event: 105.505 Thread 0x000001d11372cec0 Exception <a 'java/lang/NoSuchMethodError'{0x00000000890450f8}: 'java.lang.Object java.lang.invoke.DirectMethodHandle$Holder.invokeStatic(java.lang.Object, int, java.lang.Object)'> (0x00000000890450f8) 
thrown [e:\jenkins\tmp\workspace\build\src\src\hotspot\share\interpreter\linkResolver.cpp, line 766]
Event: 105.508 Thread 0x000001d11372b1e0 Exception <a 'java/lang/NoSuchMethodError'{0x0000000089075920}: 'java.lang.Object java.lang.invoke.DirectMethodHandle$Holder.invokeStatic(java.lang.Object, java.lang.Object, java.lang.Object, int, java.lang.Object, java.lang.Object)'> (0x0000000089075920) 
thrown [e:\jenkins\tmp\workspace\build\src\src\hotspot\share\interpreter\linkResolver.cpp, line 766]
Event: 105.666 Thread 0x000001d11372cec0 Exception <a 'java/lang/NoSuchMethodError'{0x000000008cdee010}: 'int java.lang.invoke.DirectMethodHandle$Holder.invokeStatic(java.lang.Object)'> (0x000000008cdee010) 
thrown [e:\jenkins\tmp\workspace\build\src\src\hotspot\share\interpreter\linkResolver.cpp, line 766]
Event: 105.667 Thread 0x000001d11372cec0 Exception <a 'java/lang/NoSuchMethodError'{0x000000008cdf1768}: 'int java.lang.invoke.DirectMethodHandle$Holder.invokeStaticInit(java.lang.Object)'> (0x000000008cdf1768) 
thrown [e:\jenkins\tmp\workspace\build\src\src\hotspot\share\interpreter\linkResolver.cpp, line 766]
Event: 105.707 Thread 0x000001d11372b1e0 Exception <a 'java/lang/NoSuchMethodError'{0x000000008ca6aeb0}: 'int java.lang.invoke.DirectMethodHandle$Holder.invokeVirtual(java.lang.Object, java.lang.Object)'> (0x000000008ca6aeb0) 
thrown [e:\jenkins\tmp\workspace\build\src\src\hotspot\share\interpreter\linkResolver.cpp, line 766]

VM Operations (20 events):
Event: 105.793 Executing VM operation: ICBufferFull done
Event: 105.793 Executing VM operation: ICBufferFull
Event: 105.794 Executing VM operation: ICBufferFull done
Event: 105.802 Executing VM operation: HandshakeAllThreads
Event: 105.807 Executing VM operation: HandshakeAllThreads done
Event: 105.810 Executing VM operation: HandshakeAllThreads
Event: 105.812 Executing VM operation: HandshakeAllThreads done
Event: 105.817 Executing VM operation: G1CollectForAllocation
Event: 105.818 Executing VM operation: G1CollectForAllocation done
Event: 105.818 Executing VM operation: G1CollectForAllocation
Event: 105.845 Executing VM operation: G1CollectForAllocation done
Event: 105.862 Executing VM operation: G1CollectForAllocation
Event: 105.862 Executing VM operation: G1CollectForAllocation done
Event: 105.862 Executing VM operation: G1CollectForAllocation
Event: 105.868 Executing VM operation: G1CollectForAllocation done
Event: 105.887 Executing VM operation: G1CollectForAllocation
Event: 105.887 Executing VM operation: G1CollectForAllocation done
Event: 105.887 Executing VM operation: G1CollectForAllocation
Event: 105.891 Executing VM operation: G1CollectForAllocation done
Event: 105.911 Executing VM operation: G1CollectForAllocation

Events (20 events):
Event: 105.654 Thread 0x000001d11372fa10 Thread added: 0x000001d11372fa10
Event: 105.691 Thread 0x000001d11372e6d0 Thread added: 0x000001d11372e6d0
Event: 105.700 loading class java/util/concurrent/CompletionException
Event: 105.700 loading class java/util/concurrent/CompletionException done
Event: 105.711 loading class java/io/PrintWriter
Event: 105.712 loading class java/io/PrintWriter done
Event: 105.714 loading class sun/nio/cs/StringUTF16
Event: 105.714 loading class sun/nio/cs/StringUTF16 done
Event: 105.716 loading class java/util/WeakHashMap$EntrySet
Event: 105.716 loading class java/util/WeakHashMap$EntrySet done
Event: 105.716 loading class java/util/WeakHashMap$EntryIterator
Event: 105.716 loading class java/util/WeakHashMap$HashIterator
Event: 105.716 loading class java/util/WeakHashMap$HashIterator done
Event: 105.716 loading class java/util/WeakHashMap$EntryIterator done
Event: 105.748 loading class java/util/concurrent/CompletableFuture$UniApply
Event: 105.748 loading class java/util/concurrent/CompletableFuture$UniApply done
Event: 105.749 Thread 0x000001d11372d390 Thread added: 0x000001d11372d390
Event: 105.749 loading class java/util/concurrent/CompletableFuture$UniExceptionally
Event: 105.749 loading class java/util/concurrent/CompletableFuture$UniExceptionally done
Event: 105.799 Thread 0x000001d114ef4df0 Thread added: 0x000001d114ef4df0


Dynamic libraries:
0x00007ff7551f0000 - 0x00007ff7551fe000 	c:\Users\ASUS\.vscode\extensions\redhat.java-1.9.0-win32-x64\jre\17.0.3-win32-x86_64\bin\java.exe
0x00007ff82db50000 - 0x00007ff82dd48000 	C:\Windows\SYSTEM32\ntdll.dll
0x00007ff82bbb0000 - 0x00007ff82bc6d000 	C:\Windows\System32\KERNEL32.DLL
0x00007ff82b850000 - 0x00007ff82bb1e000 	C:\Windows\System32\KERNELBASE.dll
0x00007ff828b70000 - 0x00007ff828c00000 	C:\Windows\SYSTEM32\apphelp.dll
0x00007ff82b510000 - 0x00007ff82b610000 	C:\Windows\System32\ucrtbase.dll
0x00007ff826560000 - 0x00007ff826578000 	c:\Users\ASUS\.vscode\extensions\redhat.java-1.9.0-win32-x64\jre\17.0.3-win32-x86_64\bin\jli.dll
0x00007ff825290000 - 0x00007ff8252a9000 	c:\Users\ASUS\.vscode\extensions\redhat.java-1.9.0-win32-x64\jre\17.0.3-win32-x86_64\bin\VCRUNTIME140.dll
0x00007ff82d070000 - 0x00007ff82d210000 	C:\Windows\System32\USER32.dll
0x00007ff82b780000 - 0x00007ff82b7a2000 	C:\Windows\System32\win32u.dll
0x00007ff82cd00000 - 0x00007ff82cd2a000 	C:\Windows\System32\GDI32.dll
0x00007ff82b400000 - 0x00007ff82b50b000 	C:\Windows\System32\gdi32full.dll
0x00007ff82b7b0000 - 0x00007ff82b84d000 	C:\Windows\System32\msvcp_win.dll
0x00007ff81ad60000 - 0x00007ff81affa000 	C:\Windows\WinSxS\amd64_microsoft.windows.common-controls_6595b64144ccf1df_6.0.19041.1110_none_60b5254171f9507e\COMCTL32.dll
0x00007ff82c670000 - 0x00007ff82c70e000 	C:\Windows\System32\msvcrt.dll
0x00007ff82bd10000 - 0x00007ff82bd40000 	C:\Windows\System32\IMM32.DLL
0x00007ff8262d0000 - 0x00007ff8262dc000 	c:\Users\ASUS\.vscode\extensions\redhat.java-1.9.0-win32-x64\jre\17.0.3-win32-x86_64\bin\vcruntime140_1.dll
0x00007fffeda60000 - 0x00007fffedaf1000 	c:\Users\ASUS\.vscode\extensions\redhat.java-1.9.0-win32-x64\jre\17.0.3-win32-x86_64\bin\msvcp140.dll
0x00007fffb9060000 - 0x00007fffb9ca8000 	c:\Users\ASUS\.vscode\extensions\redhat.java-1.9.0-win32-x64\jre\17.0.3-win32-x86_64\bin\server\jvm.dll
0x00007ff82c710000 - 0x00007ff82c7be000 	C:\Windows\System32\ADVAPI32.dll
0x00007ff82bc70000 - 0x00007ff82bd0c000 	C:\Windows\System32\sechost.dll
0x00007ff82c520000 - 0x00007ff82c645000 	C:\Windows\System32\RPCRT4.dll
0x00007ff82c7c0000 - 0x00007ff82c7c8000 	C:\Windows\System32\PSAPI.DLL
0x00007ff818160000 - 0x00007ff818187000 	C:\Windows\SYSTEM32\WINMM.dll
0x00007ff81b660000 - 0x00007ff81b669000 	C:\Windows\SYSTEM32\WSOCK32.dll
0x00007ff825770000 - 0x00007ff82577a000 	C:\Windows\SYSTEM32\VERSION.dll
0x00007ff82d5a0000 - 0x00007ff82d60b000 	C:\Windows\System32\ws2_32.DLL
0x00007ff829170000 - 0x00007ff829182000 	C:\Windows\SYSTEM32\kernel.appcore.dll
0x00007ff825280000 - 0x00007ff82528a000 	c:\Users\ASUS\.vscode\extensions\redhat.java-1.9.0-win32-x64\jre\17.0.3-win32-x86_64\bin\jimage.dll
0x00007ff823870000 - 0x00007ff823a54000 	C:\Windows\SYSTEM32\DBGHELP.DLL
0x00007ff823c70000 - 0x00007ff823c9c000 	C:\Windows\SYSTEM32\dbgcore.DLL
0x00007ff82bb20000 - 0x00007ff82bba2000 	C:\Windows\System32\bcryptPrimitives.dll
0x00007ff8129f0000 - 0x00007ff812a15000 	c:\Users\ASUS\.vscode\extensions\redhat.java-1.9.0-win32-x64\jre\17.0.3-win32-x86_64\bin\java.dll
0x00007ff822b00000 - 0x00007ff822b18000 	c:\Users\ASUS\.vscode\extensions\redhat.java-1.9.0-win32-x64\jre\17.0.3-win32-x86_64\bin\zip.dll
0x00007ff82bdd0000 - 0x00007ff82c514000 	C:\Windows\System32\SHELL32.dll
0x00007ff829370000 - 0x00007ff829b04000 	C:\Windows\SYSTEM32\windows.storage.dll
0x00007ff82d610000 - 0x00007ff82d964000 	C:\Windows\System32\combase.dll
0x00007ff82acd0000 - 0x00007ff82ad00000 	C:\Windows\SYSTEM32\Wldp.dll
0x00007ff82cc50000 - 0x00007ff82ccfd000 	C:\Windows\System32\SHCORE.dll
0x00007ff82d210000 - 0x00007ff82d265000 	C:\Windows\System32\shlwapi.dll
0x00007ff82b1b0000 - 0x00007ff82b1cf000 	C:\Windows\SYSTEM32\profapi.dll
0x00007ff81a9e0000 - 0x00007ff81a9f9000 	C:\Users\ASUS\.vscode\extensions\redhat.java-1.9.0-win32-x64\jre\17.0.3-win32-x86_64\bin\net.dll
0x00007ff821990000 - 0x00007ff821a9a000 	C:\Windows\SYSTEM32\WINHTTP.dll
0x00007ff82aa30000 - 0x00007ff82aa9a000 	C:\Windows\system32\mswsock.dll
0x00007ff81a930000 - 0x00007ff81a945000 	C:\Users\ASUS\.vscode\extensions\redhat.java-1.9.0-win32-x64\jre\17.0.3-win32-x86_64\bin\nio.dll
0x00007ff824a60000 - 0x00007ff824a70000 	c:\Users\ASUS\.vscode\extensions\redhat.java-1.9.0-win32-x64\jre\17.0.3-win32-x86_64\bin\verify.dll
0x00007ff817920000 - 0x00007ff817929000 	C:\Users\ASUS\.vscode\extensions\redhat.java-1.9.0-win32-x64\jre\17.0.3-win32-x86_64\bin\management.dll
0x00007ff815930000 - 0x00007ff81593b000 	C:\Users\ASUS\.vscode\extensions\redhat.java-1.9.0-win32-x64\jre\17.0.3-win32-x86_64\bin\management_ext.dll
0x00007ff80ec30000 - 0x00007ff80ec47000 	C:\Windows\system32\napinsp.dll
0x00007ff80ec10000 - 0x00007ff80ec2b000 	C:\Windows\system32\pnrpnsp.dll
0x00007ff826600000 - 0x00007ff826615000 	C:\Windows\system32\wshbth.dll
0x00007ff825190000 - 0x00007ff8251ad000 	C:\Windows\system32\NLAapi.dll
0x00007ff82a6d0000 - 0x00007ff82a70b000 	C:\Windows\SYSTEM32\IPHLPAPI.DLL
0x00007ff82a710000 - 0x00007ff82a7da000 	C:\Windows\SYSTEM32\DNSAPI.dll
0x00007ff82cee0000 - 0x00007ff82cee8000 	C:\Windows\System32\NSI.dll
0x00007ff80ebf0000 - 0x00007ff80ec02000 	C:\Windows\System32\winrnr.dll
0x00007ff821660000 - 0x00007ff82166a000 	C:\Windows\System32\rasadhlp.dll
0x00007ff821910000 - 0x00007ff821990000 	C:\Windows\System32\fwpuclnt.dll
0x00007ff82b3d0000 - 0x00007ff82b3f7000 	C:\Windows\System32\bcrypt.dll
0x00007ff82ac20000 - 0x00007ff82ac38000 	C:\Windows\SYSTEM32\CRYPTSP.dll
0x00007ff82a340000 - 0x00007ff82a374000 	C:\Windows\system32\rsaenh.dll
0x00007ff82b170000 - 0x00007ff82b19e000 	C:\Windows\SYSTEM32\USERENV.dll
0x00007ff82ac40000 - 0x00007ff82ac4c000 	C:\Windows\SYSTEM32\CRYPTBASE.dll
0x00007ff823d50000 - 0x00007ff823d67000 	C:\Windows\SYSTEM32\dhcpcsvc6.DLL
0x00007ff824110000 - 0x00007ff82412d000 	C:\Windows\SYSTEM32\dhcpcsvc.DLL

dbghelp: loaded successfully - version: 4.0.5 - missing functions: none
symbol engine: initialized successfully - sym options: 0x614 - pdb path: .;c:\Users\ASUS\.vscode\extensions\redhat.java-1.9.0-win32-x64\jre\17.0.3-win32-x86_64\bin;C:\Windows\SYSTEM32;C:\Windows\WinSxS\amd64_microsoft.windows.common-controls_6595b64144ccf1df_6.0.19041.1110_none_60b5254171f9507e;c:\Users\ASUS\.vscode\extensions\redhat.java-1.9.0-win32-x64\jre\17.0.3-win32-x86_64\bin\server

VM Arguments:
jvm_args: -Dsts.lsp.client=vscode -Dsts.log.file=/dev/null -XX:TieredStopAtLevel=1 -Dspring.config.location=file:c:\Users\ASUS\.vscode\extensions\pivotal.vscode-spring-boot-1.38.0\language-server\BOOT-INF\classes\application.properties 
java_command: org.springframework.ide.vscode.boot.app.BootLanguageServerBootApp
java_class_path (initial): c:\Users\ASUS\.vscode\extensions\pivotal.vscode-spring-boot-1.38.0\language-server\BOOT-INF\classes;c:\Users\ASUS\.vscode\extensions\pivotal.vscode-spring-boot-1.38.0\language-server\BOOT-INF\lib\annotations-23.0.0.jar;c:\Users\ASUS\.vscode\extensions\pivotal.vscode-spring-boot-1.38.0\language-server\BOOT-INF\lib\antlr-runtime-3.5.2.jar;c:\Users\ASUS\.vscode\extensions\pivotal.vscode-spring-boot-1.38.0\language-server\BOOT-INF\lib\antlr4-4.9.3.jar;c:\Users\ASUS\.vscode\extensions\pivotal.vscode-spring-boot-1.38.0\language-server\BOOT-INF\lib\antlr4-runtime-4.9.3.jar;c:\Users\ASUS\.vscode\extensions\pivotal.vscode-spring-boot-1.38.0\language-server\BOOT-INF\lib\asm-9.3.jar;c:\Users\ASUS\.vscode\extensions\pivotal.vscode-spring-boot-1.38.0\language-server\BOOT-INF\lib\asm-analysis-9.3.jar;c:\Users\ASUS\.vscode\extensions\pivotal.vscode-spring-boot-1.38.0\language-server\BOOT-INF\lib\asm-tree-9.3.jar;c:\Users\ASUS\.vscode\extensions\pivotal.vscode-spring-boot-1.38.0\language-server\BOOT-INF\lib\asm-util-9.3.jar;c:\Users\ASUS\.vscode\extensions\pivotal.vscode-spring-boot-1.38.0\language-server\BOOT-INF\lib\byte-buddy-1.10.18.jar;c:\Users\ASUS\.vscode\extensions\pivotal.vscode-spring-boot-1.38.0\language-server\BOOT-INF\lib\caffeine-2.8.6.jar;c:\Users\ASUS\.vscode\extensions\pivotal.vscode-spring-boot-1.38.0\language-server\BOOT-INF\lib\checker-qual-3.12.0.jar;c:\Users\ASUS\.vscode\extensions\pivotal.vscode-spring-boot-1.38.0\language-server\BOOT-INF\lib\classgraph-4.8.149.jar;c:\Users\ASUS\.vscode\extensions\pivotal.vscode-spring-boot-1.38.0\language-server\BOOT-INF\lib\commons-codec-1.14.jar;c:\Users\ASUS\.vscode\extensions\pivotal.vscode-spring-boot-1.38.0\language-server\BOOT-INF\lib\commons-compress-1.21.jar;c:\Users\ASUS\.vscode\extensions\pivotal.vscode-spring-boot-1.38.0\language-server\BOOT-INF\lib\commons-exec-1.3.jar;c:\Users\ASUS\.vscode\extensions\pivotal.vscode-spring-boot-1.38.0\language-server\BOOT-INF\lib\commons-io-2.4.jar;c
Launcher Type: SUN_STANDARD

[Global flags]
     intx CICompilerCount                          = 4                                         {product} {ergonomic}
     uint ConcGCThreads                            = 3                                         {product} {ergonomic}
     uint G1ConcRefinementThreads                  = 10                                        {product} {ergonomic}
   size_t G1HeapRegionSize                         = 1048576                                   {product} {ergonomic}
    uintx GCDrainStackTargetSize                   = 64                                        {product} {ergonomic}
   size_t InitialHeapSize                          = 132120576                                 {product} {ergonomic}
   size_t MarkStackSize                            = 4194304                                   {product} {ergonomic}
   size_t MaxHeapSize                              = 2109734912                                {product} {ergonomic}
   size_t MaxNewSize                               = 1265631232                                {product} {ergonomic}
   size_t MinHeapDeltaBytes                        = 1048576                                   {product} {ergonomic}
   size_t MinHeapSize                              = 8388608                                   {product} {ergonomic}
    uintx NonProfiledCodeHeapSize                  = 0                                      {pd product} {ergonomic}
     bool ProfileInterpreter                       = false                                  {pd product} {command line}
    uintx ProfiledCodeHeapSize                     = 0                                      {pd product} {ergonomic}
   size_t SoftMaxHeapSize                          = 2109734912                             {manageable} {ergonomic}
     intx TieredStopAtLevel                        = 1                                         {product} {command line}
     bool UseCompressedClassPointers               = true                           {product lp64_product} {ergonomic}
     bool UseCompressedOops                        = true                           {product lp64_product} {ergonomic}
     bool UseG1GC                                  = true                                      {product} {ergonomic}
     bool UseLargePagesIndividualAllocation        = false                                  {pd product} {ergonomic}

Logging:
Log output configuration:
 #0: stdout all=warning uptime,level,tags
 #1: stderr all=off uptime,level,tags

Environment Variables:
PATH=C:\Program Files\Common Files\Oracle\Java\javapath;C:\Program Files\AdoptOpenJDK\jdk-11.0.11.9-hotspot\bin;C:\Program Files (x86)\Common Files\Oracle\Java\javapath;C:\Windows\system32;C:\Windows;C:\Windows\System32\Wbem;C:\Windows\System32\WindowsPowerShell\v1.0\;C:\Windows\System32\OpenSSH\;C:\Users\ASUS\AppData\Roaming\npm;C:\Program Files\nodejs\;C:\Program Files\Go\bin;C:\Program Files\Git\cmd;C:\Program Files\Java\jdk1.8.0_291\bin;C:\Program Files (x86)\Gpg4win\..\GnuPG\bin;C:\Users\ASUS\AppData\Local\Programs\Python\Python39\Scripts;C:\ProgramData\ComposerSetup\bin;C:\Program Files\Docker\Docker\resources\bin;C:\ProgramData\DockerDesktop\version-bin;C:\Program Files\nodejs\;C:\Program Files\Amazon\AWSSAMCLI\bin\;C:\Users\ASUS\Documents\flutter\bin;C:\xampp\php;C:\Program Files\Dart\dart-sdk\bin;C:\ProgramData\chocolatey\bin;C:\Program Files\dotnet\;C:\Users\ASUS\AppData\Local\Microsoft\WindowsApps;C:\Users\ASUS\go\bin;C:\Users\ASUS\AppData\Local\Programs\Microsoft VS Code\bin;C:\Users\ASUS\AppData\Roaming\Composer\vendor\bin;C:\Users\ASUS\AppData\Roaming\npm;C:\Users\ASUS\Documents\flutter\bin;C:\Users\ASUS\gradle\gradle-6.9.1\bin;C:\Development\flutter\bin;C:\Development\flutter\bin\cache\dart-sdk\bin;C:\Program Files\PostgreSQL\13\bin;C:\Program Files\heroku\bin;C:\tools\dart-sdk\bin;C:\Users\ASUS\AppData\Roaming\Pub\Cache\bin;
USERNAME=ASUS
OS=Windows_NT
PROCESSOR_IDENTIFIER=Intel64 Family 6 Model 158 Stepping 10, GenuineIntel



---------------  S Y S T E M  ---------------

OS:
 Windows 10 , 64 bit Build 19041 (10.0.19041.1889)
OS uptime: 3 days 20:47 hours

CPU: total 12 (initial active 12) (6 cores per cpu, 2 threads per core) family 6 model 158 stepping 10 microcode 0xb4, cx8, cmov, fxsr, ht, mmx, 3dnowpref, sse, sse2, sse3, ssse3, sse4.1, sse4.2, popcnt, lzcnt, tsc, tscinvbit, avx, avx2, aes, erms, clmul, bmi1, bmi2, adx, fma, vzeroupper, clflush, clflushopt

Memory: 4k page, system-wide physical 8042M (394M free)
TotalPageFile size 32618M (AvailPageFile size 135M)
current process WorkingSet (physical memory assigned to process): 273M, peak: 273M
current process commit charge ("private bytes"): 321M, peak: 502M

vm_info: OpenJDK 64-Bit Server VM (17.0.3+7) for windows-amd64 JRE (17.0.3+7), built on Apr 19 2022 16:55:35 by "" with MS VC++ 16.7 (VS2019)

END.
