#
# There is insufficient memory for the Java Runtime Environment to continue.
# Native memory allocation (mmap) failed to map 200278016 bytes for G1 virtual space
# Possible reasons:
#   The system is out of physical RAM or swap space
#   The process is running with CompressedOops enabled, and the Java Heap may be blocking the growth of the native heap
# Possible solutions:
#   Reduce memory load on the system
#   Increase physical memory or swap space
#   Check if swap backing store is full
#   Decrease Java heap size (-Xmx/-Xms)
#   Decrease number of Java threads
#   Decrease Java thread stack sizes (-Xss)
#   Set larger code cache with -XX:ReservedCodeCacheSize=
#   JVM is running with Unscaled Compressed Oops mode in which the Java heap is
#     placed in the first 4GB address space. The Java Heap base address is the
#     maximum limit for the native heap growth. Please use -XX:HeapBaseMinAddress
#     to set the Java Heap base and to place the Java Heap above 4GB virtual address.
# This output file may be truncated or incomplete.
#
#  Out of Memory Error (os_windows.cpp:3535), pid=21780, tid=24044
#
# JRE version: OpenJDK Runtime Environment Temurin-17.0.3+7 (17.0.3+7) (build 17.0.3+7)
# Java VM: OpenJDK 64-Bit Server VM Temurin-17.0.3+7 (17.0.3+7, mixed mode, emulated-client, tiered, compressed oops, compressed class ptrs, g1 gc, windows-amd64)
# No core dump will be written. Minidumps are not enabled by default on client versions of Windows
#

---------------  S U M M A R Y ------------

Command Line: -Dsts.lsp.client=vscode -Dsts.log.file=/dev/null -XX:TieredStopAtLevel=1 -Dspring.config.location=file:c:\Users\ASUS\.vscode\extensions\pivotal.vscode-spring-boot-1.38.0\language-server\BOOT-INF\classes\application.properties org.springframework.ide.vscode.boot.app.BootLanguageServerBootApp

Host: Intel(R) Core(TM) i7-9750H CPU @ 2.60GHz, 12 cores, 7G,  Windows 10 , 64 bit Build 19041 (10.0.19041.1889)
Time: Wed Aug 24 16:55:36 2022 SE Asia Standard Time elapsed time: 3.651575 seconds (0d 0h 0m 3s)

---------------  T H R E A D  ---------------

Current thread (0x0000023aeb72b200):  VMThread "VM Thread" [stack: 0x000000644d800000,0x000000644d900000] [id=24044]

Stack: [0x000000644d800000,0x000000644d900000]
Native frames: (J=compiled Java code, j=interpreted, Vv=VM code, C=native code)
V  [jvm.dll+0x675efa]
V  [jvm.dll+0x830a24]
V  [jvm.dll+0x8321ce]
V  [jvm.dll+0x832833]
V  [jvm.dll+0x2454b5]
V  [jvm.dll+0x672de9]
V  [jvm.dll+0x667732]
V  [jvm.dll+0x3043ab]
V  [jvm.dll+0x30b8f6]
V  [jvm.dll+0x35b62e]
V  [jvm.dll+0x35b85f]
V  [jvm.dll+0x2db248]
V  [jvm.dll+0x2d94fc]
V  [jvm.dll+0x2d8acc]
V  [jvm.dll+0x31ca2b]
V  [jvm.dll+0x836cdb]
V  [jvm.dll+0x837a14]
V  [jvm.dll+0x837f2c]
V  [jvm.dll+0x838304]
V  [jvm.dll+0x8383d0]
V  [jvm.dll+0x7e0cfa]
V  [jvm.dll+0x674d85]
C  [ucrtbase.dll+0x21bb2]
C  [KERNEL32.DLL+0x17034]
C  [ntdll.dll+0x52651]

VM_Operation (0x00000064505fdc10): G1CollectForAllocation, mode: safepoint, requested by thread 0x0000023aee234cd0


---------------  P R O C E S S  ---------------

Threads class SMR info:
_java_thread_list=0x0000023aee783d90, length=43, elements={
0x0000023aeb7423a0, 0x0000023aeb742e20, 0x0000023aec041b50, 0x0000023aec043190,
0x0000023aec043750, 0x0000023aec048540, 0x0000023aec04c000, 0x0000023aec04c600,
0x0000023aec23ac60, 0x0000023aec23f240, 0x0000023aec245df0, 0x0000023aec253120,
0x0000023aeca081e0, 0x0000023aee12c040, 0x0000023aee1e78e0, 0x0000023aee1c2eb0,
0x0000023addfc4530, 0x0000023aee212d90, 0x0000023aee2115b0, 0x0000023aee211a80,
0x0000023aee211f50, 0x0000023aee22ab00, 0x0000023aee234330, 0x0000023aee231cb0,
0x0000023aee232180, 0x0000023aee235670, 0x0000023aee232650, 0x0000023aee232b20,
0x0000023aee232ff0, 0x0000023aee2334c0, 0x0000023aee234800, 0x0000023aee233990,
0x0000023aee233e60, 0x0000023aee234cd0, 0x0000023aee2351a0, 0x0000023aee24fff0,
0x0000023aee251800, 0x0000023aee2539b0, 0x0000023aee251cd0, 0x0000023aee254820,
0x0000023aee24f650, 0x0000023aee24e7e0, 0x0000023aee24de40
}

Java Threads: ( => current thread )
  0x0000023aeb7423a0 JavaThread "Reference Handler" daemon [_thread_blocked, id=3052, stack(0x000000644d900000,0x000000644da00000)]
  0x0000023aeb742e20 JavaThread "Finalizer" daemon [_thread_blocked, id=6016, stack(0x000000644da00000,0x000000644db00000)]
  0x0000023aec041b50 JavaThread "Signal Dispatcher" daemon [_thread_blocked, id=1884, stack(0x000000644db00000,0x000000644dc00000)]
  0x0000023aec043190 JavaThread "Attach Listener" daemon [_thread_blocked, id=18696, stack(0x000000644dc00000,0x000000644dd00000)]
  0x0000023aec043750 JavaThread "Service Thread" daemon [_thread_blocked, id=24432, stack(0x000000644dd00000,0x000000644de00000)]
  0x0000023aec048540 JavaThread "Monitor Deflation Thread" daemon [_thread_blocked, id=520, stack(0x000000644de00000,0x000000644df00000)]
  0x0000023aec04c000 JavaThread "C1 CompilerThread0" daemon [_thread_blocked, id=14448, stack(0x000000644df00000,0x000000644e000000)]
  0x0000023aec04c600 JavaThread "Sweeper thread" daemon [_thread_blocked, id=11472, stack(0x000000644e000000,0x000000644e100000)]
  0x0000023aec23ac60 JavaThread "C1 CompilerThread1" daemon [_thread_blocked, id=8664, stack(0x000000644e100000,0x000000644e200000)]
  0x0000023aec23f240 JavaThread "C1 CompilerThread2" daemon [_thread_blocked, id=21872, stack(0x000000644e200000,0x000000644e300000)]
  0x0000023aec245df0 JavaThread "Notification Thread" daemon [_thread_blocked, id=13216, stack(0x000000644e300000,0x000000644e400000)]
  0x0000023aec253120 JavaThread "Common-Cleaner" daemon [_thread_blocked, id=18564, stack(0x000000644e500000,0x000000644e600000)]
  0x0000023aeca081e0 JavaThread "C1 CompilerThread3" daemon [_thread_blocked, id=3512, stack(0x000000644e600000,0x000000644e700000)]
  0x0000023aee12c040 JavaThread "ForkJoinPool.commonPool-worker-1" daemon [_thread_blocked, id=11512, stack(0x000000644ec00000,0x000000644ed00000)]
  0x0000023aee1e78e0 JavaThread "pool-7-thread-1" [_thread_blocked, id=24388, stack(0x000000644f300000,0x000000644f400000)]
  0x0000023aee1c2eb0 JavaThread "LanguageServerApp-lifecycle" [_thread_blocked, id=22564, stack(0x000000644f400000,0x000000644f500000)]
  0x0000023addfc4530 JavaThread "DestroyJavaVM" [_thread_blocked, id=21668, stack(0x000000644d200000,0x000000644d300000)]
  0x0000023aee212d90 JavaThread "ClassGraph-worker-0" daemon [_thread_blocked, id=16284, stack(0x000000644f500000,0x000000644f600000)]
  0x0000023aee2115b0 JavaThread "ClassGraph-worker-1" daemon [_thread_blocked, id=23144, stack(0x000000644f600000,0x000000644f700000)]
  0x0000023aee211a80 JavaThread "ClassGraph-worker-2" daemon [_thread_blocked, id=11628, stack(0x000000644f700000,0x000000644f800000)]
  0x0000023aee211f50 JavaThread "ClassGraph-worker-3" daemon [_thread_blocked, id=16368, stack(0x000000644f800000,0x000000644f900000)]
  0x0000023aee22ab00 JavaThread "ClassGraph-worker-4" daemon [_thread_blocked, id=23460, stack(0x000000644f900000,0x000000644fa00000)]
  0x0000023aee234330 JavaThread "ClassGraph-worker-5" daemon [_thread_blocked, id=17152, stack(0x000000644fa00000,0x000000644fb00000)]
  0x0000023aee231cb0 JavaThread "ClassGraph-worker-6" daemon [_thread_blocked, id=4584, stack(0x000000644fb00000,0x000000644fc00000)]
  0x0000023aee232180 JavaThread "ClassGraph-worker-7" daemon [_thread_blocked, id=13332, stack(0x000000644fc00000,0x000000644fd00000)]
  0x0000023aee235670 JavaThread "ClassGraph-worker-8" daemon [_thread_blocked, id=24056, stack(0x000000644fd00000,0x000000644fe00000)]
  0x0000023aee232650 JavaThread "ClassGraph-worker-9" daemon [_thread_blocked, id=18876, stack(0x000000644fe00000,0x000000644ff00000)]
  0x0000023aee232b20 JavaThread "ClassGraph-worker-10" daemon [_thread_blocked, id=18164, stack(0x000000644ff00000,0x0000006450000000)]
  0x0000023aee232ff0 JavaThread "ClassGraph-worker-11" daemon [_thread_blocked, id=22124, stack(0x0000006450000000,0x0000006450100000)]
  0x0000023aee2334c0 JavaThread "ClassGraph-worker-12" daemon [_thread_blocked, id=21180, stack(0x0000006450100000,0x0000006450200000)]
  0x0000023aee234800 JavaThread "ClassGraph-worker-13" daemon [_thread_blocked, id=18160, stack(0x0000006450200000,0x0000006450300000)]
  0x0000023aee233990 JavaThread "ClassGraph-worker-14" daemon [_thread_blocked, id=13980, stack(0x0000006450300000,0x0000006450400000)]
  0x0000023aee233e60 JavaThread "ClassGraph-worker-15" daemon [_thread_blocked, id=15028, stack(0x0000006450400000,0x0000006450500000)]
  0x0000023aee234cd0 JavaThread "ClassGraph-worker-16" daemon [_thread_blocked, id=14640, stack(0x0000006450500000,0x0000006450600000)]
  0x0000023aee2351a0 JavaThread "ClassGraph-worker-17" daemon [_thread_blocked, id=21912, stack(0x0000006450600000,0x0000006450700000)]
  0x0000023aee24fff0 JavaThread "ClassGraph-worker-18" daemon [_thread_blocked, id=10392, stack(0x0000006450700000,0x0000006450800000)]
  0x0000023aee251800 JavaThread "pool-8-thread-1" [_thread_in_native, id=15208, stack(0x0000006450800000,0x0000006450900000)]
  0x0000023aee2539b0 JavaThread "Simple-Language-Server main thread" daemon [_thread_blocked, id=8760, stack(0x0000006450a00000,0x0000006450b00000)]
  0x0000023aee251cd0 JavaThread "parallel-1" daemon [_thread_blocked, id=22116, stack(0x0000006450b00000,0x0000006450c00000)]
  0x0000023aee254820 JavaThread "parallel-2" daemon [_thread_blocked, id=9160, stack(0x0000006450c00000,0x0000006450d00000)]
  0x0000023aee24f650 JavaThread "pool-2-thread-1" [_thread_blocked, id=18792, stack(0x0000006450d00000,0x0000006450e00000)]
  0x0000023aee24e7e0 JavaThread "parallel-3" daemon [_thread_blocked, id=8928, stack(0x0000006450e00000,0x0000006450f00000)]
  0x0000023aee24de40 JavaThread "Reconciler-1" daemon [_thread_blocked, id=23828, stack(0x0000006450f00000,0x0000006451000000)]

Other Threads:
=>0x0000023aeb72b200 VMThread "VM Thread" [stack: 0x000000644d800000,0x000000644d900000] [id=24044]
  0x0000023ade040fe0 WatcherThread [stack: 0x000000644e400000,0x000000644e500000] [id=16732]
  0x0000023ade01ce00 GCTaskThread "GC Thread#0" [stack: 0x000000644d300000,0x000000644d400000] [id=12732]
  0x0000023aecccd950 GCTaskThread "GC Thread#1" [stack: 0x000000644e700000,0x000000644e800000] [id=17504]
  0x0000023aeccdb810 GCTaskThread "GC Thread#2" [stack: 0x000000644e800000,0x000000644e900000] [id=9752]
  0x0000023aeccfea80 GCTaskThread "GC Thread#3" [stack: 0x000000644e900000,0x000000644ea00000] [id=15700]
  0x0000023aed808970 GCTaskThread "GC Thread#4" [stack: 0x000000644ea00000,0x000000644eb00000] [id=7492]
  0x0000023aed809640 GCTaskThread "GC Thread#5" [stack: 0x000000644eb00000,0x000000644ec00000] [id=16740]
  0x0000023aeda7c6d0 GCTaskThread "GC Thread#6" [stack: 0x000000644ed00000,0x000000644ee00000] [id=13832]
  0x0000023aeda7c980 GCTaskThread "GC Thread#7" [stack: 0x000000644ee00000,0x000000644ef00000] [id=4004]
  0x0000023aeda82090 GCTaskThread "GC Thread#8" [stack: 0x000000644ef00000,0x000000644f000000] [id=20856]
  0x0000023aeda82340 GCTaskThread "GC Thread#9" [stack: 0x000000644f000000,0x000000644f100000] [id=4236]
  0x0000023ade02d8c0 ConcurrentGCThread "G1 Main Marker" [stack: 0x000000644d400000,0x000000644d500000] [id=23128]
  0x0000023ade02fa80 ConcurrentGCThread "G1 Conc#0" [stack: 0x000000644d500000,0x000000644d600000] [id=23876]
  0x0000023aed820220 ConcurrentGCThread "G1 Conc#1" [stack: 0x000000644f100000,0x000000644f200000] [id=14428]
  0x0000023aeda713c0 ConcurrentGCThread "G1 Conc#2" [stack: 0x000000644f200000,0x000000644f300000] [id=19880]
  0x0000023ade07dea0 ConcurrentGCThread "G1 Refine#0" [stack: 0x000000644d600000,0x000000644d700000] [id=23204]
  0x0000023aee4fd3b0 ConcurrentGCThread "G1 Refine#1" [stack: 0x0000006450900000,0x0000006450a00000] [id=21956]
  0x0000023aee7ca890 ConcurrentGCThread "G1 Refine#2" [stack: 0x0000006451000000,0x0000006451100000] [id=20680]
  0x0000023ade07e4d0 ConcurrentGCThread "G1 Service" [stack: 0x000000644d700000,0x000000644d800000] [id=4796]

Threads with active compile tasks:

VM state: at safepoint (normal execution)

VM Mutex/Monitor currently owned by a thread:  ([mutex/lock_event])
[0x0000023addfbe100] Threads_lock - owner thread: 0x0000023aeb72b200
[0x0000023addfbf5d0] Heap_lock - owner thread: 0x0000023aee234cd0

Heap address: 0x0000000082400000, size: 2012 MB, Compressed Oops mode: 32-bit

CDS archive(s) not mapped
Compressed class space mapped at: 0x0000000100000000-0x0000000140000000, reserved size: 1073741824
Narrow klass base: 0x0000000000000000, Narrow klass shift: 3, Narrow klass range: 0x140000000

GC Precious Log:
 CPUs: 12 total, 12 available
 Memory: 8042M
 Large Page Support: Disabled
 NUMA Support: Disabled
 Compressed Oops: Enabled (32-bit)
 Heap Region Size: 1M
 Heap Min Capacity: 8M
 Heap Initial Capacity: 126M
 Heap Max Capacity: 2012M
 Pre-touch: Disabled
 Parallel Workers: 10
 Concurrent Workers: 3
 Concurrent Refinement Workers: 10
 Periodic GC: Disabled

Heap:
 garbage-first heap   total 195584K, used 74318K [0x0000000082400000, 0x0000000100000000)
  region size 1024K, 6 young (6144K), 6 survivors (6144K)
 Metaspace       used 35056K, committed 35328K, reserved 1081344K
  class space    used 4561K, committed 4672K, reserved 1048576K

Heap Regions: E=young(eden), S=young(survivor), O=old, HS=humongous(starts), HC=humongous(continues), CS=collection set, F=free, OA=open archive, CA=closed archive, TAMS=top-at-mark-start (previous, next)
|   0|0x0000000082400000, 0x0000000082500000, 0x0000000082500000|100%| O|  |TAMS 0x0000000082500000, 0x0000000082500000| Untracked 
|   1|0x0000000082500000, 0x0000000082600000, 0x0000000082600000|100%| O|  |TAMS 0x0000000082600000, 0x0000000082600000| Untracked 
|   2|0x0000000082600000, 0x0000000082700000, 0x0000000082700000|100%| O|  |TAMS 0x0000000082700000, 0x0000000082700000| Untracked 
|   3|0x0000000082700000, 0x0000000082800000, 0x0000000082800000|100%| O|  |TAMS 0x0000000082800000, 0x0000000082800000| Untracked 
|   4|0x0000000082800000, 0x0000000082900000, 0x0000000082900000|100%| O|  |TAMS 0x0000000082900000, 0x0000000082900000| Untracked 
|   5|0x0000000082900000, 0x0000000082a00000, 0x0000000082a00000|100%| O|  |TAMS 0x0000000082a00000, 0x0000000082a00000| Untracked 
|   6|0x0000000082a00000, 0x0000000082b00000, 0x0000000082b00000|100%| O|  |TAMS 0x0000000082b00000, 0x0000000082b00000| Untracked 
|   7|0x0000000082b00000, 0x0000000082c00000, 0x0000000082c00000|100%| O|  |TAMS 0x0000000082c00000, 0x0000000082c00000| Untracked 
|   8|0x0000000082c00000, 0x0000000082d00000, 0x0000000082d00000|100%| O|  |TAMS 0x0000000082d00000, 0x0000000082d00000| Untracked 
|   9|0x0000000082d00000, 0x0000000082e00000, 0x0000000082e00000|100%| O|  |TAMS 0x0000000082e00000, 0x0000000082e00000| Untracked 
|  10|0x0000000082e00000, 0x0000000082f00000, 0x0000000082f00000|100%| O|  |TAMS 0x0000000082f00000, 0x0000000082f00000| Untracked 
|  11|0x0000000082f00000, 0x0000000083000000, 0x0000000083000000|100%| O|  |TAMS 0x0000000083000000, 0x0000000083000000| Untracked 
|  12|0x0000000083000000, 0x0000000083100000, 0x0000000083100000|100%| O|  |TAMS 0x0000000083100000, 0x0000000083100000| Untracked 
|  13|0x0000000083100000, 0x0000000083200000, 0x0000000083200000|100%| O|  |TAMS 0x0000000083200000, 0x0000000083200000| Untracked 
|  14|0x0000000083200000, 0x0000000083300000, 0x0000000083300000|100%| O|  |TAMS 0x0000000083300000, 0x0000000083300000| Untracked 
|  15|0x0000000083300000, 0x0000000083400000, 0x0000000083400000|100%| O|  |TAMS 0x0000000083400000, 0x0000000083400000| Untracked 
|  16|0x0000000083400000, 0x0000000083500000, 0x0000000083500000|100%| O|  |TAMS 0x0000000083500000, 0x0000000083500000| Untracked 
|  17|0x0000000083500000, 0x0000000083600000, 0x0000000083600000|100%| O|  |TAMS 0x0000000083600000, 0x0000000083600000| Untracked 
|  18|0x0000000083600000, 0x0000000083700000, 0x0000000083700000|100%| O|  |TAMS 0x0000000083700000, 0x0000000083700000| Untracked 
|  19|0x0000000083700000, 0x0000000083800000, 0x0000000083800000|100%| O|  |TAMS 0x0000000083800000, 0x0000000083800000| Untracked 
|  20|0x0000000083800000, 0x0000000083900000, 0x0000000083900000|100%| O|  |TAMS 0x0000000083900000, 0x0000000083900000| Untracked 
|  21|0x0000000083900000, 0x0000000083a00000, 0x0000000083a00000|100%| O|  |TAMS 0x0000000083a00000, 0x0000000083a00000| Untracked 
|  22|0x0000000083a00000, 0x0000000083b00000, 0x0000000083b00000|100%| O|  |TAMS 0x0000000083b00000, 0x0000000083b00000| Untracked 
|  23|0x0000000083b00000, 0x0000000083c00000, 0x0000000083c00000|100%| O|  |TAMS 0x0000000083c00000, 0x0000000083c00000| Untracked 
|  24|0x0000000083c00000, 0x0000000083d00000, 0x0000000083d00000|100%| O|  |TAMS 0x0000000083d00000, 0x0000000083d00000| Untracked 
|  25|0x0000000083d00000, 0x0000000083e00000, 0x0000000083e00000|100%| O|  |TAMS 0x0000000083e00000, 0x0000000083e00000| Untracked 
|  26|0x0000000083e00000, 0x0000000083f00000, 0x0000000083f00000|100%| O|  |TAMS 0x0000000083f00000, 0x0000000083f00000| Untracked 
|  27|0x0000000083f00000, 0x0000000084000000, 0x0000000084000000|100%| O|  |TAMS 0x0000000084000000, 0x0000000084000000| Untracked 
|  28|0x0000000084000000, 0x0000000084100000, 0x0000000084100000|100%| O|  |TAMS 0x0000000084100000, 0x0000000084100000| Untracked 
|  29|0x0000000084100000, 0x0000000084200000, 0x0000000084200000|100%| O|  |TAMS 0x0000000084200000, 0x0000000084200000| Untracked 
|  30|0x0000000084200000, 0x0000000084300000, 0x0000000084300000|100%| O|  |TAMS 0x0000000084300000, 0x0000000084300000| Untracked 
|  31|0x0000000084300000, 0x0000000084400000, 0x0000000084400000|100%| O|  |TAMS 0x0000000084400000, 0x0000000084400000| Untracked 
|  32|0x0000000084400000, 0x0000000084500000, 0x0000000084500000|100%| O|  |TAMS 0x0000000084500000, 0x0000000084500000| Untracked 
|  33|0x0000000084500000, 0x0000000084600000, 0x0000000084600000|100%| O|  |TAMS 0x00000000845fa600, 0x0000000084600000| Untracked 
|  34|0x0000000084600000, 0x0000000084700000, 0x0000000084700000|100%| O|  |TAMS 0x0000000084600000, 0x0000000084700000| Untracked 
|  35|0x0000000084700000, 0x0000000084800000, 0x0000000084800000|100%| O|  |TAMS 0x0000000084700000, 0x0000000084800000| Untracked 
|  36|0x0000000084800000, 0x0000000084900000, 0x0000000084900000|100%| O|  |TAMS 0x0000000084800000, 0x0000000084900000| Untracked 
|  37|0x0000000084900000, 0x0000000084a00000, 0x0000000084a00000|100%| O|  |TAMS 0x0000000084900000, 0x0000000084a00000| Untracked 
|  38|0x0000000084a00000, 0x0000000084b00000, 0x0000000084b00000|100%| O|  |TAMS 0x0000000084a00000, 0x0000000084b00000| Untracked 
|  39|0x0000000084b00000, 0x0000000084c00000, 0x0000000084c00000|100%| O|  |TAMS 0x0000000084b00000, 0x0000000084c00000| Untracked 
|  40|0x0000000084c00000, 0x0000000084d00000, 0x0000000084d00000|100%| O|  |TAMS 0x0000000084c00000, 0x0000000084d00000| Untracked 
|  41|0x0000000084d00000, 0x0000000084e00000, 0x0000000084e00000|100%| O|  |TAMS 0x0000000084d00000, 0x0000000084dfa000| Untracked 
|  42|0x0000000084e00000, 0x0000000084f00000, 0x0000000084f00000|100%| O|  |TAMS 0x0000000084e00000, 0x0000000084e00000| Untracked 
|  43|0x0000000084f00000, 0x0000000085000000, 0x0000000085000000|100%| O|  |TAMS 0x0000000084f00000, 0x0000000084f00000| Untracked 
|  44|0x0000000085000000, 0x0000000085100000, 0x0000000085100000|100%| O|  |TAMS 0x0000000085000000, 0x0000000085000000| Untracked 
|  45|0x0000000085100000, 0x0000000085200000, 0x0000000085200000|100%| O|  |TAMS 0x0000000085100000, 0x0000000085100000| Untracked 
|  46|0x0000000085200000, 0x0000000085300000, 0x0000000085300000|100%|HS|  |TAMS 0x0000000085200000, 0x0000000085200000| Complete 
|  47|0x0000000085300000, 0x0000000085400000, 0x0000000085400000|100%|HS|  |TAMS 0x0000000085300000, 0x0000000085300000| Complete 
|  48|0x0000000085400000, 0x0000000085500000, 0x0000000085500000|100%| O|  |TAMS 0x0000000085400000, 0x0000000085400000| Untracked 
|  49|0x0000000085500000, 0x0000000085600000, 0x0000000085600000|100%| O|  |TAMS 0x0000000085500000, 0x0000000085500000| Untracked 
|  50|0x0000000085600000, 0x0000000085700000, 0x0000000085700000|100%| O|  |TAMS 0x0000000085600000, 0x0000000085600000| Untracked 
|  51|0x0000000085700000, 0x0000000085800000, 0x0000000085800000|100%| O|  |TAMS 0x0000000085700000, 0x0000000085700000| Untracked 
|  52|0x0000000085800000, 0x0000000085900000, 0x0000000085900000|100%| O|  |TAMS 0x0000000085800000, 0x0000000085800000| Untracked 
|  53|0x0000000085900000, 0x0000000085a00000, 0x0000000085a00000|100%| O|  |TAMS 0x0000000085900000, 0x0000000085900000| Untracked 
|  54|0x0000000085a00000, 0x0000000085b00000, 0x0000000085b00000|100%| O|  |TAMS 0x0000000085a00000, 0x0000000085a00000| Untracked 
|  55|0x0000000085b00000, 0x0000000085c00000, 0x0000000085c00000|100%| O|  |TAMS 0x0000000085b00000, 0x0000000085b00000| Untracked 
|  56|0x0000000085c00000, 0x0000000085d00000, 0x0000000085d00000|100%| O|  |TAMS 0x0000000085c00000, 0x0000000085c00000| Untracked 
|  57|0x0000000085d00000, 0x0000000085e00000, 0x0000000085e00000|100%| O|  |TAMS 0x0000000085d00000, 0x0000000085d00000| Untracked 
|  58|0x0000000085e00000, 0x0000000085f00000, 0x0000000085f00000|100%| O|  |TAMS 0x0000000085e00000, 0x0000000085e00000| Untracked 
|  59|0x0000000085f00000, 0x0000000086000000, 0x0000000086000000|100%| O|  |TAMS 0x0000000085f00000, 0x0000000085f00000| Untracked 
|  60|0x0000000086000000, 0x0000000086100000, 0x0000000086100000|100%| O|  |TAMS 0x0000000086000000, 0x0000000086000000| Untracked 
|  61|0x0000000086100000, 0x0000000086200000, 0x0000000086200000|100%| O|  |TAMS 0x0000000086100000, 0x0000000086100000| Untracked 
|  62|0x0000000086200000, 0x0000000086300000, 0x0000000086300000|100%| O|  |TAMS 0x0000000086200000, 0x0000000086200000| Untracked 
|  63|0x0000000086300000, 0x0000000086400000, 0x0000000086400000|100%| O|  |TAMS 0x0000000086300000, 0x0000000086300000| Untracked 
|  64|0x0000000086400000, 0x0000000086500000, 0x0000000086500000|100%| O|  |TAMS 0x0000000086400000, 0x0000000086400000| Untracked 
|  65|0x0000000086500000, 0x0000000086600000, 0x0000000086600000|100%| O|  |TAMS 0x0000000086500000, 0x0000000086500000| Untracked 
|  66|0x0000000086600000, 0x000000008669d600, 0x0000000086700000| 61%| O|  |TAMS 0x0000000086600000, 0x0000000086600000| Untracked 
|  67|0x0000000086700000, 0x0000000086700000, 0x0000000086800000|  0%| F|  |TAMS 0x0000000086700000, 0x0000000086700000| Untracked 
|  68|0x0000000086800000, 0x0000000086800000, 0x0000000086900000|  0%| F|  |TAMS 0x0000000086800000, 0x0000000086800000| Untracked 
|  69|0x0000000086900000, 0x0000000086900000, 0x0000000086a00000|  0%| F|  |TAMS 0x0000000086900000, 0x0000000086900000| Untracked 
|  70|0x0000000086a00000, 0x0000000086a00000, 0x0000000086b00000|  0%| F|  |TAMS 0x0000000086a00000, 0x0000000086a00000| Untracked 
|  71|0x0000000086b00000, 0x0000000086b00000, 0x0000000086c00000|  0%| F|  |TAMS 0x0000000086b00000, 0x0000000086b00000| Untracked 
|  72|0x0000000086c00000, 0x0000000086c00000, 0x0000000086d00000|  0%| F|  |TAMS 0x0000000086c00000, 0x0000000086c00000| Untracked 
|  73|0x0000000086d00000, 0x0000000086d00000, 0x0000000086e00000|  0%| F|  |TAMS 0x0000000086d00000, 0x0000000086d00000| Untracked 
|  74|0x0000000086e00000, 0x0000000086e00000, 0x0000000086f00000|  0%| F|  |TAMS 0x0000000086e00000, 0x0000000086e00000| Untracked 
|  75|0x0000000086f00000, 0x0000000086f00000, 0x0000000087000000|  0%| F|  |TAMS 0x0000000086f00000, 0x0000000086f00000| Untracked 
|  76|0x0000000087000000, 0x0000000087000000, 0x0000000087100000|  0%| F|  |TAMS 0x0000000087000000, 0x0000000087000000| Untracked 
|  77|0x0000000087100000, 0x0000000087100000, 0x0000000087200000|  0%| F|  |TAMS 0x0000000087100000, 0x0000000087100000| Untracked 
|  78|0x0000000087200000, 0x0000000087200000, 0x0000000087300000|  0%| F|  |TAMS 0x0000000087200000, 0x0000000087200000| Untracked 
|  79|0x0000000087300000, 0x0000000087300000, 0x0000000087400000|  0%| F|  |TAMS 0x0000000087300000, 0x0000000087300000| Untracked 
|  80|0x0000000087400000, 0x0000000087400000, 0x0000000087500000|  0%| F|  |TAMS 0x0000000087400000, 0x0000000087400000| Untracked 
|  81|0x0000000087500000, 0x0000000087500000, 0x0000000087600000|  0%| F|  |TAMS 0x0000000087500000, 0x0000000087500000| Untracked 
|  82|0x0000000087600000, 0x0000000087600000, 0x0000000087700000|  0%| F|  |TAMS 0x0000000087600000, 0x0000000087600000| Untracked 
|  83|0x0000000087700000, 0x0000000087700000, 0x0000000087800000|  0%| F|  |TAMS 0x0000000087700000, 0x0000000087700000| Untracked 
|  84|0x0000000087800000, 0x0000000087800000, 0x0000000087900000|  0%| F|  |TAMS 0x0000000087800000, 0x0000000087800000| Untracked 
|  85|0x0000000087900000, 0x0000000087900000, 0x0000000087a00000|  0%| F|  |TAMS 0x0000000087900000, 0x0000000087900000| Untracked 
|  86|0x0000000087a00000, 0x0000000087a00000, 0x0000000087b00000|  0%| F|  |TAMS 0x0000000087a00000, 0x0000000087a00000| Untracked 
|  87|0x0000000087b00000, 0x0000000087b00000, 0x0000000087c00000|  0%| F|  |TAMS 0x0000000087b00000, 0x0000000087b00000| Untracked 
|  88|0x0000000087c00000, 0x0000000087c00000, 0x0000000087d00000|  0%| F|  |TAMS 0x0000000087c00000, 0x0000000087c00000| Untracked 
|  89|0x0000000087d00000, 0x0000000087d00000, 0x0000000087e00000|  0%| F|  |TAMS 0x0000000087d00000, 0x0000000087d00000| Untracked 
|  90|0x0000000087e00000, 0x0000000087e00000, 0x0000000087f00000|  0%| F|  |TAMS 0x0000000087e00000, 0x0000000087e00000| Untracked 
|  91|0x0000000087f00000, 0x0000000087f00000, 0x0000000088000000|  0%| F|  |TAMS 0x0000000087f00000, 0x0000000087f00000| Untracked 
|  92|0x0000000088000000, 0x0000000088000000, 0x0000000088100000|  0%| F|  |TAMS 0x0000000088000000, 0x0000000088000000| Untracked 
|  93|0x0000000088100000, 0x0000000088100000, 0x0000000088200000|  0%| F|  |TAMS 0x0000000088100000, 0x0000000088100000| Untracked 
|  94|0x0000000088200000, 0x0000000088200000, 0x0000000088300000|  0%| F|  |TAMS 0x0000000088200000, 0x0000000088200000| Untracked 
|  95|0x0000000088300000, 0x0000000088300000, 0x0000000088400000|  0%| F|  |TAMS 0x0000000088300000, 0x0000000088300000| Untracked 
|  96|0x0000000088400000, 0x0000000088400000, 0x0000000088500000|  0%| F|  |TAMS 0x0000000088400000, 0x0000000088400000| Untracked 
|  97|0x0000000088500000, 0x0000000088500000, 0x0000000088600000|  0%| F|  |TAMS 0x0000000088500000, 0x0000000088500000| Untracked 
|  98|0x0000000088600000, 0x0000000088600000, 0x0000000088700000|  0%| F|  |TAMS 0x0000000088600000, 0x0000000088600000| Untracked 
|  99|0x0000000088700000, 0x0000000088700000, 0x0000000088800000|  0%| F|  |TAMS 0x0000000088700000, 0x0000000088700000| Untracked 
| 100|0x0000000088800000, 0x0000000088800000, 0x0000000088900000|  0%| F|  |TAMS 0x0000000088800000, 0x0000000088800000| Untracked 
| 101|0x0000000088900000, 0x0000000088900000, 0x0000000088a00000|  0%| F|  |TAMS 0x0000000088900000, 0x0000000088900000| Untracked 
| 102|0x0000000088a00000, 0x0000000088af6330, 0x0000000088b00000| 96%| S|CS|TAMS 0x0000000088a00000, 0x0000000088a00000| Complete 
| 103|0x0000000088b00000, 0x0000000088c00000, 0x0000000088c00000|100%| S|CS|TAMS 0x0000000088b00000, 0x0000000088b00000| Complete 
| 104|0x0000000088c00000, 0x0000000088d00000, 0x0000000088d00000|100%| S|CS|TAMS 0x0000000088c00000, 0x0000000088c00000| Complete 
| 105|0x0000000088d00000, 0x0000000088e00000, 0x0000000088e00000|100%| S|CS|TAMS 0x0000000088d00000, 0x0000000088d00000| Complete 
| 106|0x0000000088e00000, 0x0000000088e00000, 0x0000000088f00000|  0%| F|  |TAMS 0x0000000088e00000, 0x0000000088e00000| Untracked 
| 107|0x0000000088f00000, 0x0000000088f00000, 0x0000000089000000|  0%| F|  |TAMS 0x0000000088f00000, 0x0000000088f00000| Untracked 
| 108|0x0000000089000000, 0x0000000089000000, 0x0000000089100000|  0%| F|  |TAMS 0x0000000089000000, 0x0000000089000000| Untracked 
| 109|0x0000000089100000, 0x0000000089100000, 0x0000000089200000|  0%| F|  |TAMS 0x0000000089100000, 0x0000000089100000| Untracked 
| 110|0x0000000089200000, 0x0000000089200000, 0x0000000089300000|  0%| F|  |TAMS 0x0000000089200000, 0x0000000089200000| Untracked 
| 111|0x0000000089300000, 0x0000000089300000, 0x0000000089400000|  0%| F|  |TAMS 0x0000000089300000, 0x0000000089300000| Untracked 
| 112|0x0000000089400000, 0x0000000089400000, 0x0000000089500000|  0%| F|  |TAMS 0x0000000089400000, 0x0000000089400000| Untracked 
| 113|0x0000000089500000, 0x0000000089600000, 0x0000000089600000|100%| S|CS|TAMS 0x0000000089500000, 0x0000000089500000| Complete 
| 114|0x0000000089600000, 0x0000000089700000, 0x0000000089700000|100%| S|CS|TAMS 0x0000000089600000, 0x0000000089600000| Complete 
| 115|0x0000000089700000, 0x0000000089700000, 0x0000000089800000|  0%| F|  |TAMS 0x0000000089700000, 0x0000000089700000| Untracked 
| 116|0x0000000089800000, 0x0000000089800000, 0x0000000089900000|  0%| F|  |TAMS 0x0000000089800000, 0x0000000089800000| Untracked 
| 117|0x0000000089900000, 0x0000000089900000, 0x0000000089a00000|  0%| F|  |TAMS 0x0000000089900000, 0x0000000089900000| Untracked 
| 118|0x0000000089a00000, 0x0000000089a00000, 0x0000000089b00000|  0%| F|  |TAMS 0x0000000089a00000, 0x0000000089a00000| Untracked 
| 119|0x0000000089b00000, 0x0000000089b00000, 0x0000000089c00000|  0%| F|  |TAMS 0x0000000089b00000, 0x0000000089b00000| Untracked 
| 120|0x0000000089c00000, 0x0000000089c00000, 0x0000000089d00000|  0%| F|  |TAMS 0x0000000089c00000, 0x0000000089c00000| Untracked 
| 121|0x0000000089d00000, 0x0000000089d00000, 0x0000000089e00000|  0%| F|  |TAMS 0x0000000089d00000, 0x0000000089d00000| Untracked 
| 122|0x0000000089e00000, 0x0000000089e00000, 0x0000000089f00000|  0%| F|  |TAMS 0x0000000089e00000, 0x0000000089e00000| Untracked 
| 123|0x0000000089f00000, 0x0000000089f00000, 0x000000008a000000|  0%| F|  |TAMS 0x0000000089f00000, 0x0000000089f00000| Untracked 
| 124|0x000000008a000000, 0x000000008a000000, 0x000000008a100000|  0%| F|  |TAMS 0x000000008a000000, 0x000000008a000000| Untracked 
| 125|0x000000008a100000, 0x000000008a100000, 0x000000008a200000|  0%| F|  |TAMS 0x000000008a100000, 0x000000008a100000| Untracked 
| 126|0x000000008a200000, 0x000000008a200000, 0x000000008a300000|  0%| F|  |TAMS 0x000000008a200000, 0x000000008a200000| Untracked 
| 127|0x000000008a300000, 0x000000008a300000, 0x000000008a400000|  0%| F|  |TAMS 0x000000008a300000, 0x000000008a300000| Untracked 
| 128|0x000000008a400000, 0x000000008a400000, 0x000000008a500000|  0%| F|  |TAMS 0x000000008a400000, 0x000000008a400000| Untracked 
| 129|0x000000008a500000, 0x000000008a500000, 0x000000008a600000|  0%| F|  |TAMS 0x000000008a500000, 0x000000008a500000| Untracked 
| 130|0x000000008a600000, 0x000000008a600000, 0x000000008a700000|  0%| F|  |TAMS 0x000000008a600000, 0x000000008a600000| Untracked 
| 131|0x000000008a700000, 0x000000008a700000, 0x000000008a800000|  0%| F|  |TAMS 0x000000008a700000, 0x000000008a700000| Untracked 
| 132|0x000000008a800000, 0x000000008a800000, 0x000000008a900000|  0%| F|  |TAMS 0x000000008a800000, 0x000000008a800000| Untracked 
| 133|0x000000008a900000, 0x000000008a900000, 0x000000008aa00000|  0%| F|  |TAMS 0x000000008a900000, 0x000000008a900000| Untracked 
| 134|0x000000008aa00000, 0x000000008aa00000, 0x000000008ab00000|  0%| F|  |TAMS 0x000000008aa00000, 0x000000008aa00000| Untracked 
| 135|0x000000008ab00000, 0x000000008ab00000, 0x000000008ac00000|  0%| F|  |TAMS 0x000000008ab00000, 0x000000008ab00000| Untracked 
| 136|0x000000008ac00000, 0x000000008ac00000, 0x000000008ad00000|  0%| F|  |TAMS 0x000000008ac00000, 0x000000008ac00000| Untracked 
| 137|0x000000008ad00000, 0x000000008ad00000, 0x000000008ae00000|  0%| F|  |TAMS 0x000000008ad00000, 0x000000008ad00000| Untracked 
| 138|0x000000008ae00000, 0x000000008ae00000, 0x000000008af00000|  0%| F|  |TAMS 0x000000008ae00000, 0x000000008ae00000| Untracked 
| 139|0x000000008af00000, 0x000000008af00000, 0x000000008b000000|  0%| F|  |TAMS 0x000000008af00000, 0x000000008af00000| Untracked 
| 140|0x000000008b000000, 0x000000008b000000, 0x000000008b100000|  0%| F|  |TAMS 0x000000008b000000, 0x000000008b000000| Untracked 
| 141|0x000000008b100000, 0x000000008b100000, 0x000000008b200000|  0%| F|  |TAMS 0x000000008b100000, 0x000000008b100000| Untracked 
| 142|0x000000008b200000, 0x000000008b200000, 0x000000008b300000|  0%| F|  |TAMS 0x000000008b200000, 0x000000008b200000| Untracked 
| 143|0x000000008b300000, 0x000000008b300000, 0x000000008b400000|  0%| F|  |TAMS 0x000000008b300000, 0x000000008b300000| Untracked 
| 144|0x000000008b400000, 0x000000008b400000, 0x000000008b500000|  0%| F|  |TAMS 0x000000008b400000, 0x000000008b400000| Untracked 
| 145|0x000000008b500000, 0x000000008b500000, 0x000000008b600000|  0%| F|  |TAMS 0x000000008b500000, 0x000000008b500000| Untracked 
| 146|0x000000008b600000, 0x000000008b600000, 0x000000008b700000|  0%| F|  |TAMS 0x000000008b600000, 0x000000008b600000| Untracked 
| 147|0x000000008b700000, 0x000000008b700000, 0x000000008b800000|  0%| F|  |TAMS 0x000000008b700000, 0x000000008b700000| Untracked 
| 148|0x000000008b800000, 0x000000008b800000, 0x000000008b900000|  0%| F|  |TAMS 0x000000008b800000, 0x000000008b800000| Untracked 
| 149|0x000000008b900000, 0x000000008b900000, 0x000000008ba00000|  0%| F|  |TAMS 0x000000008b900000, 0x000000008b900000| Untracked 
| 150|0x000000008ba00000, 0x000000008ba00000, 0x000000008bb00000|  0%| F|  |TAMS 0x000000008ba00000, 0x000000008ba00000| Untracked 
| 151|0x000000008bb00000, 0x000000008bb00000, 0x000000008bc00000|  0%| F|  |TAMS 0x000000008bb00000, 0x000000008bb00000| Untracked 
| 152|0x000000008bc00000, 0x000000008bc00000, 0x000000008bd00000|  0%| F|  |TAMS 0x000000008bc00000, 0x000000008bc00000| Untracked 
| 153|0x000000008bd00000, 0x000000008bd00000, 0x000000008be00000|  0%| F|  |TAMS 0x000000008bd00000, 0x000000008bd00000| Untracked 
| 154|0x000000008be00000, 0x000000008be00000, 0x000000008bf00000|  0%| F|  |TAMS 0x000000008be00000, 0x000000008be00000| Untracked 
| 155|0x000000008bf00000, 0x000000008bf00000, 0x000000008c000000|  0%| F|  |TAMS 0x000000008bf00000, 0x000000008bf00000| Untracked 
| 156|0x000000008c000000, 0x000000008c000000, 0x000000008c100000|  0%| F|  |TAMS 0x000000008c000000, 0x000000008c000000| Untracked 
| 157|0x000000008c100000, 0x000000008c100000, 0x000000008c200000|  0%| F|  |TAMS 0x000000008c100000, 0x000000008c100000| Untracked 
| 158|0x000000008c200000, 0x000000008c200000, 0x000000008c300000|  0%| F|  |TAMS 0x000000008c200000, 0x000000008c200000| Untracked 
| 159|0x000000008c300000, 0x000000008c300000, 0x000000008c400000|  0%| F|  |TAMS 0x000000008c300000, 0x000000008c300000| Untracked 
| 160|0x000000008c400000, 0x000000008c400000, 0x000000008c500000|  0%| F|  |TAMS 0x000000008c400000, 0x000000008c400000| Untracked 
| 161|0x000000008c500000, 0x000000008c500000, 0x000000008c600000|  0%| F|  |TAMS 0x000000008c500000, 0x000000008c500000| Untracked 
| 162|0x000000008c600000, 0x000000008c600000, 0x000000008c700000|  0%| F|  |TAMS 0x000000008c600000, 0x000000008c600000| Untracked 
| 163|0x000000008c700000, 0x000000008c700000, 0x000000008c800000|  0%| F|  |TAMS 0x000000008c700000, 0x000000008c700000| Untracked 
| 164|0x000000008c800000, 0x000000008c800000, 0x000000008c900000|  0%| F|  |TAMS 0x000000008c800000, 0x000000008c800000| Untracked 
| 165|0x000000008c900000, 0x000000008c900000, 0x000000008ca00000|  0%| F|  |TAMS 0x000000008c900000, 0x000000008c900000| Untracked 
| 166|0x000000008ca00000, 0x000000008ca00000, 0x000000008cb00000|  0%| F|  |TAMS 0x000000008ca00000, 0x000000008ca00000| Untracked 
| 167|0x000000008cb00000, 0x000000008cb00000, 0x000000008cc00000|  0%| F|  |TAMS 0x000000008cb00000, 0x000000008cb00000| Untracked 
| 168|0x000000008cc00000, 0x000000008cc00000, 0x000000008cd00000|  0%| F|  |TAMS 0x000000008cc00000, 0x000000008cc00000| Untracked 
| 169|0x000000008cd00000, 0x000000008cd00000, 0x000000008ce00000|  0%| F|  |TAMS 0x000000008cd00000, 0x000000008cd00000| Untracked 
| 170|0x000000008ce00000, 0x000000008ce00000, 0x000000008cf00000|  0%| F|  |TAMS 0x000000008ce00000, 0x000000008ce00000| Untracked 
| 171|0x000000008cf00000, 0x000000008cf00000, 0x000000008d000000|  0%| F|  |TAMS 0x000000008cf00000, 0x000000008cf00000| Untracked 
| 172|0x000000008d000000, 0x000000008d000000, 0x000000008d100000|  0%| F|  |TAMS 0x000000008d000000, 0x000000008d000000| Untracked 
| 173|0x000000008d100000, 0x000000008d100000, 0x000000008d200000|  0%| F|  |TAMS 0x000000008d100000, 0x000000008d100000| Untracked 
| 174|0x000000008d200000, 0x000000008d200000, 0x000000008d300000|  0%| F|  |TAMS 0x000000008d200000, 0x000000008d200000| Untracked 
| 175|0x000000008d300000, 0x000000008d300000, 0x000000008d400000|  0%| F|  |TAMS 0x000000008d300000, 0x000000008d300000| Untracked 
| 176|0x000000008d400000, 0x000000008d400000, 0x000000008d500000|  0%| F|  |TAMS 0x000000008d400000, 0x000000008d400000| Untracked 
| 177|0x000000008d500000, 0x000000008d500000, 0x000000008d600000|  0%| F|  |TAMS 0x000000008d500000, 0x000000008d500000| Untracked 
| 178|0x000000008d600000, 0x000000008d600000, 0x000000008d700000|  0%| F|  |TAMS 0x000000008d600000, 0x000000008d600000| Untracked 
| 179|0x000000008d700000, 0x000000008d700000, 0x000000008d800000|  0%| F|  |TAMS 0x000000008d700000, 0x000000008d700000| Untracked 
| 180|0x000000008d800000, 0x000000008d800000, 0x000000008d900000|  0%| F|  |TAMS 0x000000008d800000, 0x000000008d800000| Untracked 
| 181|0x000000008d900000, 0x000000008d900000, 0x000000008da00000|  0%| F|  |TAMS 0x000000008d900000, 0x000000008d900000| Untracked 
| 182|0x000000008da00000, 0x000000008da00000, 0x000000008db00000|  0%| F|  |TAMS 0x000000008da00000, 0x000000008da00000| Untracked 
| 183|0x000000008db00000, 0x000000008db00000, 0x000000008dc00000|  0%| F|  |TAMS 0x000000008db00000, 0x000000008db00000| Untracked 
| 184|0x000000008dc00000, 0x000000008dc00000, 0x000000008dd00000|  0%| F|  |TAMS 0x000000008dc00000, 0x000000008dc00000| Untracked 
| 185|0x000000008dd00000, 0x000000008dd00000, 0x000000008de00000|  0%| F|  |TAMS 0x000000008dd00000, 0x000000008dd00000| Untracked 
| 186|0x000000008de00000, 0x000000008de00000, 0x000000008df00000|  0%| F|  |TAMS 0x000000008de00000, 0x000000008de00000| Untracked 
| 187|0x000000008df00000, 0x000000008df00000, 0x000000008e000000|  0%| F|  |TAMS 0x000000008df00000, 0x000000008df00000| Untracked 
| 188|0x000000008e000000, 0x000000008e000000, 0x000000008e100000|  0%| F|  |TAMS 0x000000008e000000, 0x000000008e000000| Untracked 
| 189|0x000000008e100000, 0x000000008e100000, 0x000000008e200000|  0%| F|  |TAMS 0x000000008e100000, 0x000000008e100000| Untracked 
| 190|0x000000008e200000, 0x000000008e200000, 0x000000008e300000|  0%| F|  |TAMS 0x000000008e200000, 0x000000008e200000| Untracked 

Card table byte_map: [0x0000023ae4350000,0x0000023ae4740000] _byte_map_base: 0x0000023ae3f3e000

Marking Bits (Prev, Next): (CMBitMap*) 0x0000023ade01d410, (CMBitMap*) 0x0000023ade01d450
 Prev Bits: [0x0000023ae4b30000, 0x0000023ae6aa0000)
 Next Bits: [0x0000023ae6aa0000, 0x0000023ae8a10000)

Polling page: 0x0000023adbf70000

Metaspace:

Usage:
  Non-class:     29.78 MB used.
      Class:      4.45 MB used.
       Both:     34.24 MB used.

Virtual space:
  Non-class space:       32.00 MB reserved,      29.94 MB ( 94%) committed,  4 nodes.
      Class space:        1.00 GB reserved,       4.56 MB ( <1%) committed,  1 nodes.
             Both:        1.03 GB reserved,      34.50 MB (  3%) committed. 

Chunk freelists:
   Non-Class:  2.03 MB
       Class:  3.38 MB
        Both:  5.41 MB

MaxMetaspaceSize: unlimited
CompressedClassSpaceSize: 1.00 GB
Initial GC threshold: 21.00 MB
Current GC threshold: 57.19 MB
CDS: off
MetaspaceReclaimPolicy: balanced
 - commit_granule_bytes: 65536.
 - commit_granule_words: 8192.
 - virtual_space_node_default_size: 1048576.
 - enlarge_chunks_in_place: 1.
 - new_chunks_are_fully_committed: 0.
 - uncommit_free_chunks: 1.
 - use_allocation_guard: 0.
 - handle_deallocations: 1.


Internal statistics:

num_allocs_failed_limit: 3.
num_arena_births: 302.
num_arena_deaths: 0.
num_vsnodes_births: 5.
num_vsnodes_deaths: 0.
num_space_committed: 552.
num_space_uncommitted: 0.
num_chunks_returned_to_freelist: 3.
num_chunks_taken_from_freelist: 1290.
num_chunk_merges: 3.
num_chunk_splits: 888.
num_chunks_enlarged: 694.
num_purges: 0.
num_inconsistent_stats: 0.

CodeCache: size=49152Kb used=9024Kb max_used=9024Kb free=40127Kb
 bounds [0x0000023ae0c30000, 0x0000023ae1510000, 0x0000023ae3c30000]
 total_blobs=4211 nmethods=3683 adapters=452
 compilation: enabled
              stopped_count=0, restarted_count=0
 full_count=0

Compilation events (20 events):
Event: 3.527 Thread 0x0000023aec23f240 nmethod 3664 0x0000023ae14f9c10 code [0x0000023ae14f9e00, 0x0000023ae14fa198]
Event: 3.528 Thread 0x0000023aec23f240 3677       1       jdk.internal.module.SystemModuleFinders$SystemModuleReader$$Lambda$142/0x00000001001f8420::apply (12 bytes)
Event: 3.533 Thread 0x0000023aec04c000 nmethod 3679 0x0000023ae14fa390 code [0x0000023ae14fa540, 0x0000023ae14fa6d8]
Event: 3.533 Thread 0x0000023aec04c000 3672       1       jdk.internal.module.SystemModuleFinders$SystemModuleReader::findImageLocation (42 bytes)
Event: 3.533 Thread 0x0000023aec23f240 nmethod 3677 0x0000023ae14fa810 code [0x0000023ae14fa9a0, 0x0000023ae14faac8]
Event: 3.533 Thread 0x0000023aec23f240 3680       1       jdk.internal.jimage.ImageReader::getResourceBuffer (13 bytes)
Event: 3.533 Thread 0x0000023aec23f240 nmethod 3680 0x0000023ae14fab90 code [0x0000023ae14fad40, 0x0000023ae14faed8]
Event: 3.533 Thread 0x0000023aec04c000 nmethod 3672 0x0000023ae14fb010 code [0x0000023ae14fb1e0, 0x0000023ae14fb4d8]
Event: 3.533 Thread 0x0000023aec23f240 3681       1       jdk.internal.jimage.decompressor.ZipDecompressor::decompress (10 bytes)
Event: 3.533 Thread 0x0000023aec04c000 3676       1       jdk.internal.module.SystemModuleFinders$SystemModuleReader$$Lambda$142/0x00000001001f8420::<init> (10 bytes)
Event: 3.534 Thread 0x0000023aec23f240 nmethod 3681 0x0000023ae14fb690 code [0x0000023ae14fb820, 0x0000023ae14fb908]
Event: 3.534 Thread 0x0000023aec04c000 nmethod 3676 0x0000023ae14fb990 code [0x0000023ae14fbb20, 0x0000023ae14fbc38]
Event: 3.534 Thread 0x0000023aec23f240 3666       1       jdk.internal.jimage.BasicImageReader::releaseByteBuffer (16 bytes)
Event: 3.534 Thread 0x0000023aec23f240 nmethod 3666 0x0000023ae14fbc90 code [0x0000023ae14fbe20, 0x0000023ae14fbf68]
Event: 3.534 Thread 0x0000023aeca081e0 nmethod 3678 0x0000023ae14fc010 code [0x0000023ae14fc200, 0x0000023ae14fc728]
Event: 3.535 Thread 0x0000023aec23ac60 nmethod 3667 0x0000023ae14fca10 code [0x0000023ae14fcd80, 0x0000023ae14fdba8]
Event: 3.537 Thread 0x0000023aec23ac60 3682  s!   1       jdk.internal.loader.URLClassPath::getLoader (196 bytes)
Event: 3.567 Thread 0x0000023aec23ac60 nmethod 3682 0x0000023ae14fe390 code [0x0000023ae14fe640, 0x0000023ae14ff058]
Event: 3.623 Thread 0x0000023aec04c000 3683       1       java.util.concurrent.locks.ReentrantLock$NonfairSync::tryAcquire (27 bytes)
Event: 3.624 Thread 0x0000023aec04c000 nmethod 3683 0x0000023ae14ffd10 code [0x0000023ae14ffea0, 0x0000023ae1500018]

GC Heap History (20 events):
Event: 2.885 GC heap after
{Heap after GC invocations=10 (full 0):
 garbage-first heap   total 49152K, used 24536K [0x0000000082400000, 0x0000000100000000)
  region size 1024K, 3 young (3072K), 3 survivors (3072K)
 Metaspace       used 32955K, committed 33280K, reserved 1081344K
  class space    used 4178K, committed 4352K, reserved 1048576K
}
Event: 2.924 GC heap before
{Heap before GC invocations=10 (full 0):
 garbage-first heap   total 49152K, used 35800K [0x0000000082400000, 0x0000000100000000)
  region size 1024K, 15 young (15360K), 3 survivors (3072K)
 Metaspace       used 33296K, committed 33536K, reserved 1081344K
  class space    used 4231K, committed 4352K, reserved 1048576K
}
Event: 2.927 GC heap after
{Heap after GC invocations=11 (full 0):
 garbage-first heap   total 76800K, used 26624K [0x0000000082400000, 0x0000000100000000)
  region size 1024K, 2 young (2048K), 2 survivors (2048K)
 Metaspace       used 33296K, committed 33536K, reserved 1081344K
  class space    used 4231K, committed 4352K, reserved 1048576K
}
Event: 2.994 GC heap before
{Heap before GC invocations=11 (full 0):
 garbage-first heap   total 76800K, used 54272K [0x0000000082400000, 0x0000000100000000)
  region size 1024K, 29 young (29696K), 2 survivors (2048K)
 Metaspace       used 33703K, committed 33984K, reserved 1081344K
  class space    used 4294K, committed 4416K, reserved 1048576K
}
Event: 2.999 GC heap after
{Heap after GC invocations=12 (full 0):
 garbage-first heap   total 76800K, used 31159K [0x0000000082400000, 0x0000000100000000)
  region size 1024K, 4 young (4096K), 4 survivors (4096K)
 Metaspace       used 33703K, committed 33984K, reserved 1081344K
  class space    used 4294K, committed 4416K, reserved 1048576K
}
Event: 3.041 GC heap before
{Heap before GC invocations=12 (full 0):
 garbage-first heap   total 76800K, used 55735K [0x0000000082400000, 0x0000000100000000)
  region size 1024K, 28 young (28672K), 4 survivors (4096K)
 Metaspace       used 34096K, committed 34368K, reserved 1081344K
  class space    used 4354K, committed 4480K, reserved 1048576K
}
Event: 3.048 GC heap after
{Heap after GC invocations=13 (full 0):
 garbage-first heap   total 76800K, used 38889K [0x0000000082400000, 0x0000000100000000)
  region size 1024K, 4 young (4096K), 4 survivors (4096K)
 Metaspace       used 34096K, committed 34368K, reserved 1081344K
  class space    used 4354K, committed 4480K, reserved 1048576K
}
Event: 3.090 GC heap before
{Heap before GC invocations=13 (full 0):
 garbage-first heap   total 76800K, used 56297K [0x0000000082400000, 0x0000000100000000)
  region size 1024K, 21 young (21504K), 4 survivors (4096K)
 Metaspace       used 34461K, committed 34752K, reserved 1081344K
  class space    used 4441K, committed 4544K, reserved 1048576K
}
Event: 3.094 GC heap after
{Heap after GC invocations=14 (full 0):
 garbage-first heap   total 76800K, used 42673K [0x0000000082400000, 0x0000000100000000)
  region size 1024K, 3 young (3072K), 3 survivors (3072K)
 Metaspace       used 34461K, committed 34752K, reserved 1081344K
  class space    used 4441K, committed 4544K, reserved 1048576K
}
Event: 3.197 GC heap before
{Heap before GC invocations=15 (full 0):
 garbage-first heap   total 96256K, used 57009K [0x0000000082400000, 0x0000000100000000)
  region size 1024K, 18 young (18432K), 3 survivors (3072K)
 Metaspace       used 34885K, committed 35136K, reserved 1081344K
  class space    used 4536K, committed 4672K, reserved 1048576K
}
Event: 3.202 GC heap after
{Heap after GC invocations=16 (full 0):
 garbage-first heap   total 96256K, used 46056K [0x0000000082400000, 0x0000000100000000)
  region size 1024K, 3 young (3072K), 3 survivors (3072K)
 Metaspace       used 34885K, committed 35136K, reserved 1081344K
  class space    used 4536K, committed 4672K, reserved 1048576K
}
Event: 3.380 GC heap before
{Heap before GC invocations=16 (full 0):
 garbage-first heap   total 96256K, used 54248K [0x0000000082400000, 0x0000000100000000)
  region size 1024K, 13 young (13312K), 3 survivors (3072K)
 Metaspace       used 34886K, committed 35136K, reserved 1081344K
  class space    used 4536K, committed 4672K, reserved 1048576K
}
Event: 3.386 GC heap after
{Heap after GC invocations=17 (full 0):
 garbage-first heap   total 195584K, used 48767K [0x0000000082400000, 0x0000000100000000)
  region size 1024K, 3 young (3072K), 3 survivors (3072K)
 Metaspace       used 34886K, committed 35136K, reserved 1081344K
  class space    used 4536K, committed 4672K, reserved 1048576K
}
Event: 3.538 GC heap before
{Heap before GC invocations=17 (full 0):
 garbage-first heap   total 195584K, used 140927K [0x0000000082400000, 0x0000000100000000)
  region size 1024K, 92 young (94208K), 3 survivors (3072K)
 Metaspace       used 35041K, committed 35328K, reserved 1081344K
  class space    used 4559K, committed 4672K, reserved 1048576K
}
Event: 3.566 GC heap after
{Heap after GC invocations=18 (full 0):
 garbage-first heap   total 195584K, used 64957K [0x0000000082400000, 0x0000000100000000)
  region size 1024K, 12 young (12288K), 12 survivors (12288K)
 Metaspace       used 35041K, committed 35328K, reserved 1081344K
  class space    used 4559K, committed 4672K, reserved 1048576K
}
Event: 3.589 GC heap before
{Heap before GC invocations=18 (full 0):
 garbage-first heap   total 195584K, used 139709K [0x0000000082400000, 0x0000000100000000)
  region size 1024K, 86 young (88064K), 12 survivors (12288K)
 Metaspace       used 35056K, committed 35328K, reserved 1081344K
  class space    used 4561K, committed 4672K, reserved 1048576K
}
Event: 3.596 GC heap after
{Heap after GC invocations=19 (full 0):
 garbage-first heap   total 195584K, used 69122K [0x0000000082400000, 0x0000000100000000)
  region size 1024K, 4 young (4096K), 4 survivors (4096K)
 Metaspace       used 35056K, committed 35328K, reserved 1081344K
  class space    used 4561K, committed 4672K, reserved 1048576K
}
Event: 3.619 GC heap before
{Heap before GC invocations=19 (full 0):
 garbage-first heap   total 195584K, used 143874K [0x0000000082400000, 0x0000000100000000)
  region size 1024K, 78 young (79872K), 4 survivors (4096K)
 Metaspace       used 35056K, committed 35328K, reserved 1081344K
  class space    used 4561K, committed 4672K, reserved 1048576K
}
Event: 3.622 GC heap after
{Heap after GC invocations=20 (full 0):
 garbage-first heap   total 195584K, used 71435K [0x0000000082400000, 0x0000000100000000)
  region size 1024K, 7 young (7168K), 7 survivors (7168K)
 Metaspace       used 35056K, committed 35328K, reserved 1081344K
  class space    used 4561K, committed 4672K, reserved 1048576K
}
Event: 3.643 GC heap before
{Heap before GC invocations=20 (full 0):
 garbage-first heap   total 195584K, used 148235K [0x0000000082400000, 0x0000000100000000)
  region size 1024K, 83 young (84992K), 7 survivors (7168K)
 Metaspace       used 35056K, committed 35328K, reserved 1081344K
  class space    used 4561K, committed 4672K, reserved 1048576K
}

Deoptimization events (20 events):
Event: 0.716 Thread 0x0000023addfc4530 DEOPT PACKING pc=0x0000023ae10459f5 sp=0x000000644d2fddd0
Event: 0.716 Thread 0x0000023addfc4530 DEOPT UNPACKING pc=0x0000023ae0c82b43 sp=0x000000644d2fd240 mode 3
Event: 1.357 Thread 0x0000023addfc4530 DEOPT PACKING pc=0x0000023ae115f819 sp=0x000000644d2fd580
Event: 1.357 Thread 0x0000023addfc4530 DEOPT UNPACKING pc=0x0000023ae0c82b43 sp=0x000000644d2fca60 mode 3
Event: 1.774 Thread 0x0000023addfc4530 DEOPT PACKING pc=0x0000023ae1224975 sp=0x000000644d2fe410
Event: 1.774 Thread 0x0000023addfc4530 DEOPT UNPACKING pc=0x0000023ae0c82b43 sp=0x000000644d2fd880 mode 3
Event: 1.868 Thread 0x0000023addfc4530 DEOPT PACKING pc=0x0000023ae126af1d sp=0x000000644d2fb600
Event: 1.868 Thread 0x0000023addfc4530 DEOPT UNPACKING pc=0x0000023ae0c82b43 sp=0x000000644d2fab18 mode 3
Event: 2.627 Thread 0x0000023addfc4530 DEOPT PACKING pc=0x0000023ae12d0e99 sp=0x000000644d2fcaf0
Event: 2.627 Thread 0x0000023addfc4530 DEOPT UNPACKING pc=0x0000023ae0c82b43 sp=0x000000644d2fbfd0 mode 3
Event: 2.690 Thread 0x0000023aee12c040 DEOPT PACKING pc=0x0000023ae13324ab sp=0x000000644ecfea80
Event: 2.690 Thread 0x0000023aee12c040 DEOPT UNPACKING pc=0x0000023ae0c82b43 sp=0x000000644ecfdfc8 mode 3
Event: 2.890 Thread 0x0000023aee231cb0 DEOPT PACKING pc=0x0000023ae115c281 sp=0x000000644fbfea90
Event: 2.890 Thread 0x0000023aee231cb0 DEOPT UNPACKING pc=0x0000023ae0c82b43 sp=0x000000644fbfdf20 mode 3
Event: 2.890 Thread 0x0000023aee232180 DEOPT PACKING pc=0x0000023ae1159817 sp=0x000000644fcfeea0
Event: 2.890 Thread 0x0000023aee231cb0 DEOPT PACKING pc=0x0000023ae1159817 sp=0x000000644fbfec90
Event: 2.890 Thread 0x0000023aee232180 DEOPT UNPACKING pc=0x0000023ae0c82b43 sp=0x000000644fcfe2f8 mode 3
Event: 2.890 Thread 0x0000023aee231cb0 DEOPT UNPACKING pc=0x0000023ae0c82b43 sp=0x000000644fbfe0e8 mode 3
Event: 3.015 Thread 0x0000023aee2539b0 DEOPT PACKING pc=0x0000023ae1484bb5 sp=0x0000006450afd920
Event: 3.015 Thread 0x0000023aee2539b0 DEOPT UNPACKING pc=0x0000023ae0c82b43 sp=0x0000006450afce48 mode 3

Classes unloaded (0 events):
No events

Classes redefined (0 events):
No events

Internal exceptions (20 events):
Event: 2.768 Thread 0x0000023aee2115b0 Exception <a 'sun/nio/fs/WindowsException'{0x000000008487b410}> (0x000000008487b410) 
thrown [e:\jenkins\tmp\workspace\build\src\src\hotspot\share\prims\jni.cpp, line 516]
Event: 2.769 Thread 0x0000023aee2115b0 Exception <a 'sun/nio/fs/WindowsException'{0x000000008487bdf8}> (0x000000008487bdf8) 
thrown [e:\jenkins\tmp\workspace\build\src\src\hotspot\share\prims\jni.cpp, line 516]
Event: 2.769 Thread 0x0000023aee2115b0 Exception <a 'sun/nio/fs/WindowsException'{0x000000008487c198}> (0x000000008487c198) 
thrown [e:\jenkins\tmp\workspace\build\src\src\hotspot\share\prims\jni.cpp, line 516]
Event: 2.769 Thread 0x0000023aee2115b0 Exception <a 'sun/nio/fs/WindowsException'{0x000000008487cb90}> (0x000000008487cb90) 
thrown [e:\jenkins\tmp\workspace\build\src\src\hotspot\share\prims\jni.cpp, line 516]
Event: 2.769 Thread 0x0000023aee2115b0 Exception <a 'sun/nio/fs/WindowsException'{0x000000008487cf48}> (0x000000008487cf48) 
thrown [e:\jenkins\tmp\workspace\build\src\src\hotspot\share\prims\jni.cpp, line 516]
Event: 2.769 Thread 0x0000023aee2115b0 Exception <a 'sun/nio/fs/WindowsException'{0x000000008487d930}> (0x000000008487d930) 
thrown [e:\jenkins\tmp\workspace\build\src\src\hotspot\share\prims\jni.cpp, line 516]
Event: 2.769 Thread 0x0000023aee2115b0 Exception <a 'sun/nio/fs/WindowsException'{0x000000008487dcd8}> (0x000000008487dcd8) 
thrown [e:\jenkins\tmp\workspace\build\src\src\hotspot\share\prims\jni.cpp, line 516]
Event: 2.769 Thread 0x0000023aee2115b0 Exception <a 'sun/nio/fs/WindowsException'{0x000000008487e6d0}> (0x000000008487e6d0) 
thrown [e:\jenkins\tmp\workspace\build\src\src\hotspot\share\prims\jni.cpp, line 516]
Event: 2.770 Thread 0x0000023aee2115b0 Exception <a 'sun/nio/fs/WindowsException'{0x000000008487ea88}> (0x000000008487ea88) 
thrown [e:\jenkins\tmp\workspace\build\src\src\hotspot\share\prims\jni.cpp, line 516]
Event: 2.770 Thread 0x0000023aee2115b0 Exception <a 'sun/nio/fs/WindowsException'{0x000000008487f498}> (0x000000008487f498) 
thrown [e:\jenkins\tmp\workspace\build\src\src\hotspot\share\prims\jni.cpp, line 516]
Event: 2.770 Thread 0x0000023aee2115b0 Exception <a 'sun/nio/fs/WindowsException'{0x000000008487f870}> (0x000000008487f870) 
thrown [e:\jenkins\tmp\workspace\build\src\src\hotspot\share\prims\jni.cpp, line 516]
Event: 2.770 Thread 0x0000023aee2115b0 Exception <a 'sun/nio/fs/WindowsException'{0x0000000084880298}> (0x0000000084880298) 
thrown [e:\jenkins\tmp\workspace\build\src\src\hotspot\share\prims\jni.cpp, line 516]
Event: 2.770 Thread 0x0000023aee2115b0 Exception <a 'sun/nio/fs/WindowsException'{0x0000000084880688}> (0x0000000084880688) 
thrown [e:\jenkins\tmp\workspace\build\src\src\hotspot\share\prims\jni.cpp, line 516]
Event: 2.770 Thread 0x0000023aee2115b0 Exception <a 'sun/nio/fs/WindowsException'{0x00000000848810a8}> (0x00000000848810a8) 
thrown [e:\jenkins\tmp\workspace\build\src\src\hotspot\share\prims\jni.cpp, line 516]
Event: 2.770 Thread 0x0000023aee2115b0 Exception <a 'sun/nio/fs/WindowsException'{0x0000000084881490}> (0x0000000084881490) 
thrown [e:\jenkins\tmp\workspace\build\src\src\hotspot\share\prims\jni.cpp, line 516]
Event: 3.011 Thread 0x0000023aee2539b0 Exception <a 'java/lang/NoSuchMethodError'{0x00000000869c7c98}: 'java.lang.Object java.lang.invoke.DirectMethodHandle$Holder.invokeStatic(java.lang.Object, int, java.lang.Object)'> (0x00000000869c7c98) 
thrown [e:\jenkins\tmp\workspace\build\src\src\hotspot\share\interpreter\linkResolver.cpp, line 766]
Event: 3.014 Thread 0x0000023aee251800 Exception <a 'java/lang/NoSuchMethodError'{0x00000000868c47c8}: 'java.lang.Object java.lang.invoke.DirectMethodHandle$Holder.invokeStatic(java.lang.Object, java.lang.Object, java.lang.Object, int, java.lang.Object, java.lang.Object)'> (0x00000000868c47c8) 
thrown [e:\jenkins\tmp\workspace\build\src\src\hotspot\share\interpreter\linkResolver.cpp, line 766]
Event: 3.129 Thread 0x0000023aee2539b0 Exception <a 'java/lang/NoSuchMethodError'{0x00000000862ad3c0}: 'int java.lang.invoke.DirectMethodHandle$Holder.invokeStatic(java.lang.Object)'> (0x00000000862ad3c0) 
thrown [e:\jenkins\tmp\workspace\build\src\src\hotspot\share\interpreter\linkResolver.cpp, line 766]
Event: 3.129 Thread 0x0000023aee2539b0 Exception <a 'java/lang/NoSuchMethodError'{0x00000000862c7270}: 'int java.lang.invoke.DirectMethodHandle$Holder.invokeStaticInit(java.lang.Object)'> (0x00000000862c7270) 
thrown [e:\jenkins\tmp\workspace\build\src\src\hotspot\share\interpreter\linkResolver.cpp, line 766]
Event: 3.161 Thread 0x0000023aee251800 Exception <a 'java/lang/NoSuchMethodError'{0x00000000861b7d78}: 'int java.lang.invoke.DirectMethodHandle$Holder.invokeVirtual(java.lang.Object, java.lang.Object)'> (0x00000000861b7d78) 
thrown [e:\jenkins\tmp\workspace\build\src\src\hotspot\share\interpreter\linkResolver.cpp, line 766]

VM Operations (20 events):
Event: 3.443 Executing VM operation: ICBufferFull done
Event: 3.526 Executing VM operation: HandshakeAllThreads
Event: 3.527 Executing VM operation: HandshakeAllThreads done
Event: 3.528 Executing VM operation: HandshakeAllThreads
Event: 3.533 Executing VM operation: HandshakeAllThreads done
Event: 3.537 Executing VM operation: G1CollectForAllocation
Event: 3.538 Executing VM operation: G1CollectForAllocation done
Event: 3.538 Executing VM operation: G1CollectForAllocation
Event: 3.566 Executing VM operation: G1CollectForAllocation done
Event: 3.589 Executing VM operation: G1CollectForAllocation
Event: 3.589 Executing VM operation: G1CollectForAllocation done
Event: 3.589 Executing VM operation: G1CollectForAllocation
Event: 3.596 Executing VM operation: G1CollectForAllocation done
Event: 3.619 Executing VM operation: G1CollectForAllocation
Event: 3.619 Executing VM operation: G1CollectForAllocation done
Event: 3.619 Executing VM operation: G1CollectForAllocation
Event: 3.622 Executing VM operation: G1CollectForAllocation done
Event: 3.643 Executing VM operation: G1CollectForAllocation
Event: 3.643 Executing VM operation: G1CollectForAllocation done
Event: 3.643 Executing VM operation: G1CollectForAllocation

Events (20 events):
Event: 3.066 loading class java/util/concurrent/CompletableFuture$UniApply done
Event: 3.067 Thread 0x0000023aee24f650 Thread added: 0x0000023aee24f650
Event: 3.067 loading class java/util/concurrent/CompletableFuture$UniExceptionally
Event: 3.067 loading class java/util/concurrent/CompletableFuture$UniExceptionally done
Event: 3.067 loading class java/util/concurrent/CompletableFuture$Signaller
Event: 3.068 loading class java/util/concurrent/CompletableFuture$Signaller done
Event: 3.156 Thread 0x0000023aee24e7e0 Thread added: 0x0000023aee24e7e0
Event: 3.158 loading class java/util/concurrent/CompletionException
Event: 3.158 loading class java/util/concurrent/CompletionException done
Event: 3.162 loading class java/io/PrintWriter
Event: 3.162 loading class java/io/PrintWriter done
Event: 3.163 loading class sun/nio/cs/StringUTF16
Event: 3.163 loading class sun/nio/cs/StringUTF16 done
Event: 3.169 loading class java/util/WeakHashMap$EntrySet
Event: 3.169 Thread 0x0000023aee24de40 Thread added: 0x0000023aee24de40
Event: 3.169 loading class java/util/WeakHashMap$EntrySet done
Event: 3.169 loading class java/util/WeakHashMap$EntryIterator
Event: 3.169 loading class java/util/WeakHashMap$HashIterator
Event: 3.169 loading class java/util/WeakHashMap$HashIterator done
Event: 3.169 loading class java/util/WeakHashMap$EntryIterator done


Dynamic libraries:
0x00007ff7551f0000 - 0x00007ff7551fe000 	c:\Users\ASUS\.vscode\extensions\redhat.java-1.9.0-win32-x64\jre\17.0.3-win32-x86_64\bin\java.exe
0x00007ff82db50000 - 0x00007ff82dd48000 	C:\Windows\SYSTEM32\ntdll.dll
0x00007ff82bbb0000 - 0x00007ff82bc6d000 	C:\Windows\System32\KERNEL32.DLL
0x00007ff82b850000 - 0x00007ff82bb1e000 	C:\Windows\System32\KERNELBASE.dll
0x00007ff828b70000 - 0x00007ff828c00000 	C:\Windows\SYSTEM32\apphelp.dll
0x00007ff82b510000 - 0x00007ff82b610000 	C:\Windows\System32\ucrtbase.dll
0x00007ff826560000 - 0x00007ff826578000 	c:\Users\ASUS\.vscode\extensions\redhat.java-1.9.0-win32-x64\jre\17.0.3-win32-x86_64\bin\jli.dll
0x00007ff825290000 - 0x00007ff8252a9000 	c:\Users\ASUS\.vscode\extensions\redhat.java-1.9.0-win32-x64\jre\17.0.3-win32-x86_64\bin\VCRUNTIME140.dll
0x00007ff82d070000 - 0x00007ff82d210000 	C:\Windows\System32\USER32.dll
0x00007ff82b780000 - 0x00007ff82b7a2000 	C:\Windows\System32\win32u.dll
0x00007ff81ad60000 - 0x00007ff81affa000 	C:\Windows\WinSxS\amd64_microsoft.windows.common-controls_6595b64144ccf1df_6.0.19041.1110_none_60b5254171f9507e\COMCTL32.dll
0x00007ff82cd00000 - 0x00007ff82cd2a000 	C:\Windows\System32\GDI32.dll
0x00007ff82c670000 - 0x00007ff82c70e000 	C:\Windows\System32\msvcrt.dll
0x00007ff82b400000 - 0x00007ff82b50b000 	C:\Windows\System32\gdi32full.dll
0x00007ff82b7b0000 - 0x00007ff82b84d000 	C:\Windows\System32\msvcp_win.dll
0x00007ff82bd10000 - 0x00007ff82bd40000 	C:\Windows\System32\IMM32.DLL
0x00007ff8262d0000 - 0x00007ff8262dc000 	c:\Users\ASUS\.vscode\extensions\redhat.java-1.9.0-win32-x64\jre\17.0.3-win32-x86_64\bin\vcruntime140_1.dll
0x00007fffeda60000 - 0x00007fffedaf1000 	c:\Users\ASUS\.vscode\extensions\redhat.java-1.9.0-win32-x64\jre\17.0.3-win32-x86_64\bin\msvcp140.dll
0x00007fffb9060000 - 0x00007fffb9ca8000 	c:\Users\ASUS\.vscode\extensions\redhat.java-1.9.0-win32-x64\jre\17.0.3-win32-x86_64\bin\server\jvm.dll
0x00007ff82c710000 - 0x00007ff82c7be000 	C:\Windows\System32\ADVAPI32.dll
0x00007ff82bc70000 - 0x00007ff82bd0c000 	C:\Windows\System32\sechost.dll
0x00007ff82c520000 - 0x00007ff82c645000 	C:\Windows\System32\RPCRT4.dll
0x00007ff82c7c0000 - 0x00007ff82c7c8000 	C:\Windows\System32\PSAPI.DLL
0x00007ff81b660000 - 0x00007ff81b669000 	C:\Windows\SYSTEM32\WSOCK32.dll
0x00007ff825770000 - 0x00007ff82577a000 	C:\Windows\SYSTEM32\VERSION.dll
0x00007ff818160000 - 0x00007ff818187000 	C:\Windows\SYSTEM32\WINMM.dll
0x00007ff82d5a0000 - 0x00007ff82d60b000 	C:\Windows\System32\WS2_32.dll
0x00007ff829170000 - 0x00007ff829182000 	C:\Windows\SYSTEM32\kernel.appcore.dll
0x00007ff825280000 - 0x00007ff82528a000 	c:\Users\ASUS\.vscode\extensions\redhat.java-1.9.0-win32-x64\jre\17.0.3-win32-x86_64\bin\jimage.dll
0x00007ff823870000 - 0x00007ff823a54000 	C:\Windows\SYSTEM32\DBGHELP.DLL
0x00007ff823c70000 - 0x00007ff823c9c000 	C:\Windows\SYSTEM32\dbgcore.DLL
0x00007ff82bb20000 - 0x00007ff82bba2000 	C:\Windows\System32\bcryptPrimitives.dll
0x00007ff8129f0000 - 0x00007ff812a15000 	c:\Users\ASUS\.vscode\extensions\redhat.java-1.9.0-win32-x64\jre\17.0.3-win32-x86_64\bin\java.dll
0x00007ff822b00000 - 0x00007ff822b18000 	c:\Users\ASUS\.vscode\extensions\redhat.java-1.9.0-win32-x64\jre\17.0.3-win32-x86_64\bin\zip.dll
0x00007ff82bdd0000 - 0x00007ff82c514000 	C:\Windows\System32\SHELL32.dll
0x00007ff829370000 - 0x00007ff829b04000 	C:\Windows\SYSTEM32\windows.storage.dll
0x00007ff82d610000 - 0x00007ff82d964000 	C:\Windows\System32\combase.dll
0x00007ff82acd0000 - 0x00007ff82ad00000 	C:\Windows\SYSTEM32\Wldp.dll
0x00007ff82cc50000 - 0x00007ff82ccfd000 	C:\Windows\System32\SHCORE.dll
0x00007ff82d210000 - 0x00007ff82d265000 	C:\Windows\System32\shlwapi.dll
0x00007ff82b1b0000 - 0x00007ff82b1cf000 	C:\Windows\SYSTEM32\profapi.dll
0x00007ff81a9e0000 - 0x00007ff81a9f9000 	C:\Users\ASUS\.vscode\extensions\redhat.java-1.9.0-win32-x64\jre\17.0.3-win32-x86_64\bin\net.dll
0x00007ff821990000 - 0x00007ff821a9a000 	C:\Windows\SYSTEM32\WINHTTP.dll
0x00007ff82aa30000 - 0x00007ff82aa9a000 	C:\Windows\system32\mswsock.dll
0x00007ff81a930000 - 0x00007ff81a945000 	C:\Users\ASUS\.vscode\extensions\redhat.java-1.9.0-win32-x64\jre\17.0.3-win32-x86_64\bin\nio.dll
0x00007ff824a60000 - 0x00007ff824a70000 	c:\Users\ASUS\.vscode\extensions\redhat.java-1.9.0-win32-x64\jre\17.0.3-win32-x86_64\bin\verify.dll
0x00007ff817920000 - 0x00007ff817929000 	C:\Users\ASUS\.vscode\extensions\redhat.java-1.9.0-win32-x64\jre\17.0.3-win32-x86_64\bin\management.dll
0x00007ff815930000 - 0x00007ff81593b000 	C:\Users\ASUS\.vscode\extensions\redhat.java-1.9.0-win32-x64\jre\17.0.3-win32-x86_64\bin\management_ext.dll
0x00007ff80ec30000 - 0x00007ff80ec47000 	C:\Windows\system32\napinsp.dll
0x00007ff80ec10000 - 0x00007ff80ec2b000 	C:\Windows\system32\pnrpnsp.dll
0x00007ff826600000 - 0x00007ff826615000 	C:\Windows\system32\wshbth.dll
0x00007ff825190000 - 0x00007ff8251ad000 	C:\Windows\system32\NLAapi.dll
0x00007ff82a6d0000 - 0x00007ff82a70b000 	C:\Windows\SYSTEM32\IPHLPAPI.DLL
0x00007ff82a710000 - 0x00007ff82a7da000 	C:\Windows\SYSTEM32\DNSAPI.dll
0x00007ff82cee0000 - 0x00007ff82cee8000 	C:\Windows\System32\NSI.dll
0x00007ff80ebf0000 - 0x00007ff80ec02000 	C:\Windows\System32\winrnr.dll
0x00007ff821660000 - 0x00007ff82166a000 	C:\Windows\System32\rasadhlp.dll
0x00007ff821910000 - 0x00007ff821990000 	C:\Windows\System32\fwpuclnt.dll
0x00007ff82b3d0000 - 0x00007ff82b3f7000 	C:\Windows\System32\bcrypt.dll
0x00007ff82ac20000 - 0x00007ff82ac38000 	C:\Windows\SYSTEM32\CRYPTSP.dll
0x00007ff82a340000 - 0x00007ff82a374000 	C:\Windows\system32\rsaenh.dll
0x00007ff82b170000 - 0x00007ff82b19e000 	C:\Windows\SYSTEM32\USERENV.dll
0x00007ff82ac40000 - 0x00007ff82ac4c000 	C:\Windows\SYSTEM32\CRYPTBASE.dll
0x00007ff823d50000 - 0x00007ff823d67000 	C:\Windows\SYSTEM32\dhcpcsvc6.DLL
0x00007ff824110000 - 0x00007ff82412d000 	C:\Windows\SYSTEM32\dhcpcsvc.DLL

dbghelp: loaded successfully - version: 4.0.5 - missing functions: none
symbol engine: initialized successfully - sym options: 0x614 - pdb path: .;c:\Users\ASUS\.vscode\extensions\redhat.java-1.9.0-win32-x64\jre\17.0.3-win32-x86_64\bin;C:\Windows\SYSTEM32;C:\Windows\WinSxS\amd64_microsoft.windows.common-controls_6595b64144ccf1df_6.0.19041.1110_none_60b5254171f9507e;c:\Users\ASUS\.vscode\extensions\redhat.java-1.9.0-win32-x64\jre\17.0.3-win32-x86_64\bin\server

VM Arguments:
jvm_args: -Dsts.lsp.client=vscode -Dsts.log.file=/dev/null -XX:TieredStopAtLevel=1 -Dspring.config.location=file:c:\Users\ASUS\.vscode\extensions\pivotal.vscode-spring-boot-1.38.0\language-server\BOOT-INF\classes\application.properties 
java_command: org.springframework.ide.vscode.boot.app.BootLanguageServerBootApp
java_class_path (initial): c:\Users\ASUS\.vscode\extensions\pivotal.vscode-spring-boot-1.38.0\language-server\BOOT-INF\classes;c:\Users\ASUS\.vscode\extensions\pivotal.vscode-spring-boot-1.38.0\language-server\BOOT-INF\lib\annotations-23.0.0.jar;c:\Users\ASUS\.vscode\extensions\pivotal.vscode-spring-boot-1.38.0\language-server\BOOT-INF\lib\antlr-runtime-3.5.2.jar;c:\Users\ASUS\.vscode\extensions\pivotal.vscode-spring-boot-1.38.0\language-server\BOOT-INF\lib\antlr4-4.9.3.jar;c:\Users\ASUS\.vscode\extensions\pivotal.vscode-spring-boot-1.38.0\language-server\BOOT-INF\lib\antlr4-runtime-4.9.3.jar;c:\Users\ASUS\.vscode\extensions\pivotal.vscode-spring-boot-1.38.0\language-server\BOOT-INF\lib\asm-9.3.jar;c:\Users\ASUS\.vscode\extensions\pivotal.vscode-spring-boot-1.38.0\language-server\BOOT-INF\lib\asm-analysis-9.3.jar;c:\Users\ASUS\.vscode\extensions\pivotal.vscode-spring-boot-1.38.0\language-server\BOOT-INF\lib\asm-tree-9.3.jar;c:\Users\ASUS\.vscode\extensions\pivotal.vscode-spring-boot-1.38.0\language-server\BOOT-INF\lib\asm-util-9.3.jar;c:\Users\ASUS\.vscode\extensions\pivotal.vscode-spring-boot-1.38.0\language-server\BOOT-INF\lib\byte-buddy-1.10.18.jar;c:\Users\ASUS\.vscode\extensions\pivotal.vscode-spring-boot-1.38.0\language-server\BOOT-INF\lib\caffeine-2.8.6.jar;c:\Users\ASUS\.vscode\extensions\pivotal.vscode-spring-boot-1.38.0\language-server\BOOT-INF\lib\checker-qual-3.12.0.jar;c:\Users\ASUS\.vscode\extensions\pivotal.vscode-spring-boot-1.38.0\language-server\BOOT-INF\lib\classgraph-4.8.149.jar;c:\Users\ASUS\.vscode\extensions\pivotal.vscode-spring-boot-1.38.0\language-server\BOOT-INF\lib\commons-codec-1.14.jar;c:\Users\ASUS\.vscode\extensions\pivotal.vscode-spring-boot-1.38.0\language-server\BOOT-INF\lib\commons-compress-1.21.jar;c:\Users\ASUS\.vscode\extensions\pivotal.vscode-spring-boot-1.38.0\language-server\BOOT-INF\lib\commons-exec-1.3.jar;c:\Users\ASUS\.vscode\extensions\pivotal.vscode-spring-boot-1.38.0\language-server\BOOT-INF\lib\commons-io-2.4.jar;c
Launcher Type: SUN_STANDARD

[Global flags]
     intx CICompilerCount                          = 4                                         {product} {ergonomic}
     uint ConcGCThreads                            = 3                                         {product} {ergonomic}
     uint G1ConcRefinementThreads                  = 10                                        {product} {ergonomic}
   size_t G1HeapRegionSize                         = 1048576                                   {product} {ergonomic}
    uintx GCDrainStackTargetSize                   = 64                                        {product} {ergonomic}
   size_t InitialHeapSize                          = 132120576                                 {product} {ergonomic}
   size_t MarkStackSize                            = 4194304                                   {product} {ergonomic}
   size_t MaxHeapSize                              = 2109734912                                {product} {ergonomic}
   size_t MaxNewSize                               = 1265631232                                {product} {ergonomic}
   size_t MinHeapDeltaBytes                        = 1048576                                   {product} {ergonomic}
   size_t MinHeapSize                              = 8388608                                   {product} {ergonomic}
    uintx NonProfiledCodeHeapSize                  = 0                                      {pd product} {ergonomic}
     bool ProfileInterpreter                       = false                                  {pd product} {command line}
    uintx ProfiledCodeHeapSize                     = 0                                      {pd product} {ergonomic}
   size_t SoftMaxHeapSize                          = 2109734912                             {manageable} {ergonomic}
     intx TieredStopAtLevel                        = 1                                         {product} {command line}
     bool UseCompressedClassPointers               = true                           {product lp64_product} {ergonomic}
     bool UseCompressedOops                        = true                           {product lp64_product} {ergonomic}
     bool UseG1GC                                  = true                                      {product} {ergonomic}
     bool UseLargePagesIndividualAllocation        = false                                  {pd product} {ergonomic}

Logging:
Log output configuration:
 #0: stdout all=warning uptime,level,tags
 #1: stderr all=off uptime,level,tags

Environment Variables:
PATH=C:\Program Files\Common Files\Oracle\Java\javapath;C:\Program Files\AdoptOpenJDK\jdk-11.0.11.9-hotspot\bin;C:\Program Files (x86)\Common Files\Oracle\Java\javapath;C:\Windows\system32;C:\Windows;C:\Windows\System32\Wbem;C:\Windows\System32\WindowsPowerShell\v1.0\;C:\Windows\System32\OpenSSH\;C:\Users\ASUS\AppData\Roaming\npm;C:\Program Files\nodejs\;C:\Program Files\Go\bin;C:\Program Files\Git\cmd;C:\Program Files\Java\jdk1.8.0_291\bin;C:\Program Files (x86)\Gpg4win\..\GnuPG\bin;C:\Users\ASUS\AppData\Local\Programs\Python\Python39\Scripts;C:\ProgramData\ComposerSetup\bin;C:\Program Files\Docker\Docker\resources\bin;C:\ProgramData\DockerDesktop\version-bin;C:\Program Files\nodejs\;C:\Program Files\Amazon\AWSSAMCLI\bin\;C:\Users\ASUS\Documents\flutter\bin;C:\xampp\php;C:\Program Files\Dart\dart-sdk\bin;C:\ProgramData\chocolatey\bin;C:\Program Files\dotnet\;C:\Users\ASUS\AppData\Local\Microsoft\WindowsApps;C:\Users\ASUS\go\bin;C:\Users\ASUS\AppData\Local\Programs\Microsoft VS Code\bin;C:\Users\ASUS\AppData\Roaming\Composer\vendor\bin;C:\Users\ASUS\AppData\Roaming\npm;C:\Users\ASUS\Documents\flutter\bin;C:\Users\ASUS\gradle\gradle-6.9.1\bin;C:\Development\flutter\bin;C:\Development\flutter\bin\cache\dart-sdk\bin;C:\Program Files\PostgreSQL\13\bin;C:\Program Files\heroku\bin;C:\tools\dart-sdk\bin;C:\Users\ASUS\AppData\Roaming\Pub\Cache\bin;
USERNAME=ASUS
OS=Windows_NT
PROCESSOR_IDENTIFIER=Intel64 Family 6 Model 158 Stepping 10, GenuineIntel



---------------  S Y S T E M  ---------------

OS:
 Windows 10 , 64 bit Build 19041 (10.0.19041.1889)
OS uptime: 3 days 20:47 hours

CPU: total 12 (initial active 12) (6 cores per cpu, 2 threads per core) family 6 model 158 stepping 10 microcode 0xb4, cx8, cmov, fxsr, ht, mmx, 3dnowpref, sse, sse2, sse3, ssse3, sse4.1, sse4.2, popcnt, lzcnt, tsc, tscinvbit, avx, avx2, aes, erms, clmul, bmi1, bmi2, adx, fma, vzeroupper, clflush, clflushopt

Memory: 4k page, system-wide physical 8042M (337M free)
TotalPageFile size 32618M (AvailPageFile size 112M)
current process WorkingSet (physical memory assigned to process): 289M, peak: 289M
current process commit charge ("private bytes"): 338M, peak: 529M

vm_info: OpenJDK 64-Bit Server VM (17.0.3+7) for windows-amd64 JRE (17.0.3+7), built on Apr 19 2022 16:55:35 by "" with MS VC++ 16.7 (VS2019)

END.
